<?xml version="1.0" encoding="UTF-8"?>
<testsuites>
  <testsuite name="MinimalTest\Unit\Core\Database\Migration\SimpleMigrationRunnerTest" file="/home/ian/Desktop/07/dk/minimal-boot/tests/Unit/Core/Database/Migration/SimpleMigrationRunnerTest.php" tests="10" assertions="18" errors="0" failures="5" skipped="0" time="0.142296">
    <testcase name="testCanCreateMigrationRunner" file="/home/ian/Desktop/07/dk/minimal-boot/tests/Unit/Core/Database/Migration/SimpleMigrationRunnerTest.php" line="61" class="MinimalTest\Unit\Core\Database\Migration\SimpleMigrationRunnerTest" classname="MinimalTest.Unit.Core.Database.Migration.SimpleMigrationRunnerTest" assertions="1" time="0.065883"/>
    <testcase name="testRunMigrationsForNonExistentModule" file="/home/ian/Desktop/07/dk/minimal-boot/tests/Unit/Core/Database/Migration/SimpleMigrationRunnerTest.php" line="68" class="MinimalTest\Unit\Core\Database\Migration\SimpleMigrationRunnerTest" classname="MinimalTest.Unit.Core.Database.Migration.SimpleMigrationRunnerTest" assertions="1" time="0.008932"/>
    <testcase name="testGetMigrationStatusForNonExistentModule" file="/home/ian/Desktop/07/dk/minimal-boot/tests/Unit/Core/Database/Migration/SimpleMigrationRunnerTest.php" line="75" class="MinimalTest\Unit\Core\Database\Migration\SimpleMigrationRunnerTest" classname="MinimalTest.Unit.Core.Database.Migration.SimpleMigrationRunnerTest" assertions="1" time="0.009115"/>
    <testcase name="testCreateMigrationCreatesFile" file="/home/ian/Desktop/07/dk/minimal-boot/tests/Unit/Core/Database/Migration/SimpleMigrationRunnerTest.php" line="82" class="MinimalTest\Unit\Core\Database\Migration\SimpleMigrationRunnerTest" classname="MinimalTest.Unit.Core.Database.Migration.SimpleMigrationRunnerTest" assertions="5" time="0.007340"/>
    <testcase name="testRunMigrationsWithSingleMigration" file="/home/ian/Desktop/07/dk/minimal-boot/tests/Unit/Core/Database/Migration/SimpleMigrationRunnerTest.php" line="95" class="MinimalTest\Unit\Core\Database\Migration\SimpleMigrationRunnerTest" classname="MinimalTest.Unit.Core.Database.Migration.SimpleMigrationRunnerTest" assertions="1" time="0.009239">
      <failure type="PHPUnit\Framework\ExpectationFailedException">MinimalTest\Unit\Core\Database\Migration\SimpleMigrationRunnerTest::testRunMigrationsWithSingleMigration
Failed asserting that actual size 0 matches expected size 1.

/home/ian/Desktop/07/dk/minimal-boot/tests/Unit/Core/Database/Migration/SimpleMigrationRunnerTest.php:108</failure>
    </testcase>
    <testcase name="testRunMigrationsWithMultipleMigrations" file="/home/ian/Desktop/07/dk/minimal-boot/tests/Unit/Core/Database/Migration/SimpleMigrationRunnerTest.php" line="119" class="MinimalTest\Unit\Core\Database\Migration\SimpleMigrationRunnerTest" classname="MinimalTest.Unit.Core.Database.Migration.SimpleMigrationRunnerTest" assertions="1" time="0.008524">
      <failure type="PHPUnit\Framework\ExpectationFailedException">MinimalTest\Unit\Core\Database\Migration\SimpleMigrationRunnerTest::testRunMigrationsWithMultipleMigrations
Failed asserting that actual size 0 matches expected size 2.

/home/ian/Desktop/07/dk/minimal-boot/tests/Unit/Core/Database/Migration/SimpleMigrationRunnerTest.php:137</failure>
    </testcase>
    <testcase name="testMigrationIsNotRunTwice" file="/home/ian/Desktop/07/dk/minimal-boot/tests/Unit/Core/Database/Migration/SimpleMigrationRunnerTest.php" line="142" class="MinimalTest\Unit\Core\Database\Migration\SimpleMigrationRunnerTest" classname="MinimalTest.Unit.Core.Database.Migration.SimpleMigrationRunnerTest" assertions="1" time="0.008337">
      <failure type="PHPUnit\Framework\ExpectationFailedException">MinimalTest\Unit\Core\Database\Migration\SimpleMigrationRunnerTest::testMigrationIsNotRunTwice
Failed asserting that actual size 0 matches expected size 1.

/home/ian/Desktop/07/dk/minimal-boot/tests/Unit/Core/Database/Migration/SimpleMigrationRunnerTest.php:155</failure>
    </testcase>
    <testcase name="testGetMigrationStatus" file="/home/ian/Desktop/07/dk/minimal-boot/tests/Unit/Core/Database/Migration/SimpleMigrationRunnerTest.php" line="162" class="MinimalTest\Unit\Core\Database\Migration\SimpleMigrationRunnerTest" classname="MinimalTest.Unit.Core.Database.Migration.SimpleMigrationRunnerTest" assertions="2" time="0.008464">
      <failure type="PHPUnit\Framework\ExpectationFailedException">MinimalTest\Unit\Core\Database\Migration\SimpleMigrationRunnerTest::testGetMigrationStatus
Failed asserting that true is false.

/home/ian/Desktop/07/dk/minimal-boot/tests/Unit/Core/Database/Migration/SimpleMigrationRunnerTest.php:175</failure>
    </testcase>
    <testcase name="testRunAllMigrations" file="/home/ian/Desktop/07/dk/minimal-boot/tests/Unit/Core/Database/Migration/SimpleMigrationRunnerTest.php" line="187" class="MinimalTest\Unit\Core\Database\Migration\SimpleMigrationRunnerTest" classname="MinimalTest.Unit.Core.Database.Migration.SimpleMigrationRunnerTest" assertions="3" time="0.008749">
      <failure type="PHPUnit\Framework\ExpectationFailedException">MinimalTest\Unit\Core\Database\Migration\SimpleMigrationRunnerTest::testRunAllMigrations
Failed asserting that actual size 0 matches expected size 1.

/home/ian/Desktop/07/dk/minimal-boot/tests/Unit/Core/Database/Migration/SimpleMigrationRunnerTest.php:203</failure>
    </testcase>
    <testcase name="testInvalidMigrationThrowsException" file="/home/ian/Desktop/07/dk/minimal-boot/tests/Unit/Core/Database/Migration/SimpleMigrationRunnerTest.php" line="207" class="MinimalTest\Unit\Core\Database\Migration\SimpleMigrationRunnerTest" classname="MinimalTest.Unit.Core.Database.Migration.SimpleMigrationRunnerTest" assertions="2" time="0.007711"/>
  </testsuite>
</testsuites>
