<?xml version="1.0" encoding="UTF-8"?>
<testsuites>
  <testsuite name="MinimalTest\Unit\Shared\Service\ThemeServiceTest" file="/home/dan/Desktop/08/minimal-boot/tests/Unit/Shared/Service/ThemeServiceTest.php" tests="12" assertions="45" errors="0" failures="0" skipped="0" time="0.086344">
    <testcase name="testIsValidThemeReturnsTrueForValidThemes" file="/home/dan/Desktop/08/minimal-boot/tests/Unit/Shared/Service/ThemeServiceTest.php" line="64" class="MinimalTest\Unit\Shared\Service\ThemeServiceTest" classname="MinimalTest.Unit.Shared.Service.ThemeServiceTest" assertions="2" time="0.060865"/>
    <testcase name="testIsValidThemeReturnsFalseForInvalidThemes" file="/home/dan/Desktop/08/minimal-boot/tests/Unit/Shared/Service/ThemeServiceTest.php" line="70" class="MinimalTest\Unit\Shared\Service\ThemeServiceTest" classname="MinimalTest.Unit.Shared.Service.ThemeServiceTest" assertions="2" time="0.002289"/>
    <testcase name="testGetThemeCssUrlReturnsCorrectUrlForTailwind" file="/home/dan/Desktop/08/minimal-boot/tests/Unit/Shared/Service/ThemeServiceTest.php" line="94" class="MinimalTest\Unit\Shared\Service\ThemeServiceTest" classname="MinimalTest.Unit.Shared.Service.ThemeServiceTest" assertions="1" time="0.002084"/>
    <testcase name="testGetThemeJsUrlReturnsCorrectUrlForTailwind" file="/home/dan/Desktop/08/minimal-boot/tests/Unit/Shared/Service/ThemeServiceTest.php" line="119" class="MinimalTest\Unit\Shared\Service\ThemeServiceTest" classname="MinimalTest.Unit.Shared.Service.ThemeServiceTest" assertions="1" time="0.002042"/>
    <testcase name="testGetAvailableThemesReturnsAllThemes" file="/home/dan/Desktop/08/minimal-boot/tests/Unit/Shared/Service/ThemeServiceTest.php" line="126" class="MinimalTest\Unit\Shared\Service\ThemeServiceTest" classname="MinimalTest.Unit.Shared.Service.ThemeServiceTest" assertions="11" time="0.002028"/>
    <testcase name="testThemeNamesAreCorrect" file="/home/dan/Desktop/08/minimal-boot/tests/Unit/Shared/Service/ThemeServiceTest.php" line="147" class="MinimalTest\Unit\Shared\Service\ThemeServiceTest" classname="MinimalTest.Unit.Shared.Service.ThemeServiceTest" assertions="2" time="0.002039"/>
    <testcase name="testThemeDescriptionsExist" file="/home/dan/Desktop/08/minimal-boot/tests/Unit/Shared/Service/ThemeServiceTest.php" line="155" class="MinimalTest\Unit\Shared\Service\ThemeServiceTest" classname="MinimalTest.Unit.Shared.Service.ThemeServiceTest" assertions="2" time="0.001997"/>
    <testcase name="testGetCurrentThemeReturnsDefaultWhenNoSessionSet" file="/home/dan/Desktop/08/minimal-boot/tests/Unit/Shared/Service/ThemeServiceTest.php" line="26" class="MinimalTest\Unit\Shared\Service\ThemeServiceTest" classname="MinimalTest.Unit.Shared.Service.ThemeServiceTest" assertions="4" time="0.002626"/>
    <testcase name="testSetThemeUpdatesCurrentTheme" file="/home/dan/Desktop/08/minimal-boot/tests/Unit/Shared/Service/ThemeServiceTest.php" line="38" class="MinimalTest\Unit\Shared\Service\ThemeServiceTest" classname="MinimalTest.Unit.Shared.Service.ThemeServiceTest" assertions="6" time="0.002813"/>
    <testcase name="testGetThemeCssUrlReturnsCorrectUrlForBootstrap" file="/home/dan/Desktop/08/minimal-boot/tests/Unit/Shared/Service/ThemeServiceTest.php" line="76" class="MinimalTest\Unit\Shared\Service\ThemeServiceTest" classname="MinimalTest.Unit.Shared.Service.ThemeServiceTest" assertions="6" time="0.002789"/>
    <testcase name="testGetThemeJsUrlReturnsCorrectUrlForBootstrap" file="/home/dan/Desktop/08/minimal-boot/tests/Unit/Shared/Service/ThemeServiceTest.php" line="101" class="MinimalTest\Unit\Shared\Service\ThemeServiceTest" classname="MinimalTest.Unit.Shared.Service.ThemeServiceTest" assertions="6" time="0.002810"/>
    <testcase name="testSetInvalidThemeThrowsException" file="/home/dan/Desktop/08/minimal-boot/tests/Unit/Shared/Service/ThemeServiceTest.php" line="56" class="MinimalTest\Unit\Shared\Service\ThemeServiceTest" classname="MinimalTest.Unit.Shared.Service.ThemeServiceTest" assertions="2" time="0.001962"/>
  </testsuite>
</testsuites>
