<?xml version="1.0" encoding="UTF-8"?>
<testsuites>
  <testsuite name="/home/dan/Desktop/07/dk/minimal-boot/phpunit.xml" tests="126" assertions="450" errors="0" failures="0" skipped="1" time="4.814772">
    <testsuite name="Unit" tests="113" assertions="420" errors="0" failures="0" skipped="1" time="4.785055">
      <testsuite name="MinimalTest\Unit\Core\Database\Connection\CompleteDatabaseConnectionFactoryTest" file="/home/dan/Desktop/07/dk/minimal-boot/tests/Unit/Core/Database/Connection/CompleteDatabaseConnectionFactoryTest.php" tests="22" assertions="41" errors="0" failures="0" skipped="0" time="3.546453">
        <testcase name="testInMemoryDatabaseConnection" file="/home/dan/Desktop/07/dk/minimal-boot/tests/Unit/Core/Database/Connection/CompleteDatabaseConnectionFactoryTest.php" line="79" class="MinimalTest\Unit\Core\Database\Connection\CompleteDatabaseConnectionFactoryTest" classname="MinimalTest.Unit.Core.Database.Connection.CompleteDatabaseConnectionFactoryTest" assertions="2" time="0.005009"/>
        <testcase name="testCanCreateConnectionFactory" file="/home/dan/Desktop/07/dk/minimal-boot/tests/Unit/Core/Database/Connection/CompleteDatabaseConnectionFactoryTest.php" line="43" class="MinimalTest\Unit\Core\Database\Connection\CompleteDatabaseConnectionFactoryTest" classname="MinimalTest.Unit.Core.Database.Connection.CompleteDatabaseConnectionFactoryTest" assertions="1" time="0.002158"/>
        <testcase name="testGetConnectionCreatesNewConnection" file="/home/dan/Desktop/07/dk/minimal-boot/tests/Unit/Core/Database/Connection/CompleteDatabaseConnectionFactoryTest.php" line="50" class="MinimalTest\Unit\Core\Database\Connection\CompleteDatabaseConnectionFactoryTest" classname="MinimalTest.Unit.Core.Database.Connection.CompleteDatabaseConnectionFactoryTest" assertions="1" time="0.002111"/>
        <testcase name="testGetConnectionReusesExistingConnection" file="/home/dan/Desktop/07/dk/minimal-boot/tests/Unit/Core/Database/Connection/CompleteDatabaseConnectionFactoryTest.php" line="59" class="MinimalTest\Unit\Core\Database\Connection\CompleteDatabaseConnectionFactoryTest" classname="MinimalTest.Unit.Core.Database.Connection.CompleteDatabaseConnectionFactoryTest" assertions="1" time="0.002065"/>
        <testcase name="testGetConnectionCreatesDifferentConnectionsForDifferentModules" file="/home/dan/Desktop/07/dk/minimal-boot/tests/Unit/Core/Database/Connection/CompleteDatabaseConnectionFactoryTest.php" line="69" class="MinimalTest\Unit\Core\Database\Connection\CompleteDatabaseConnectionFactoryTest" classname="MinimalTest.Unit.Core.Database.Connection.CompleteDatabaseConnectionFactoryTest" assertions="1" time="0.002365"/>
        <testcase name="testModuleExistsReturnsFalseInitially" file="/home/dan/Desktop/07/dk/minimal-boot/tests/Unit/Core/Database/Connection/CompleteDatabaseConnectionFactoryTest.php" line="98" class="MinimalTest\Unit\Core\Database\Connection\CompleteDatabaseConnectionFactoryTest" classname="MinimalTest.Unit.Core.Database.Connection.CompleteDatabaseConnectionFactoryTest" assertions="1" time="0.001921"/>
        <testcase name="testModuleExistsReturnsTrueAfterCreation" file="/home/dan/Desktop/07/dk/minimal-boot/tests/Unit/Core/Database/Connection/CompleteDatabaseConnectionFactoryTest.php" line="105" class="MinimalTest\Unit\Core\Database\Connection\CompleteDatabaseConnectionFactoryTest" classname="MinimalTest.Unit.Core.Database.Connection.CompleteDatabaseConnectionFactoryTest" assertions="1" time="0.002135"/>
        <testcase name="testCreateModuleDatabaseCreatesNewModule" file="/home/dan/Desktop/07/dk/minimal-boot/tests/Unit/Core/Database/Connection/CompleteDatabaseConnectionFactoryTest.php" line="115" class="MinimalTest\Unit\Core\Database\Connection\CompleteDatabaseConnectionFactoryTest" classname="MinimalTest.Unit.Core.Database.Connection.CompleteDatabaseConnectionFactoryTest" assertions="2" time="0.002183"/>
        <testcase name="testCreateModuleDatabaseWithExistingModule" file="/home/dan/Desktop/07/dk/minimal-boot/tests/Unit/Core/Database/Connection/CompleteDatabaseConnectionFactoryTest.php" line="126" class="MinimalTest\Unit\Core\Database\Connection\CompleteDatabaseConnectionFactoryTest" classname="MinimalTest.Unit.Core.Database.Connection.CompleteDatabaseConnectionFactoryTest" assertions="2" time="0.002198"/>
        <testcase name="testGetAvailableModulesReturnsEmptyArrayInitially" file="/home/dan/Desktop/07/dk/minimal-boot/tests/Unit/Core/Database/Connection/CompleteDatabaseConnectionFactoryTest.php" line="139" class="MinimalTest\Unit\Core\Database\Connection\CompleteDatabaseConnectionFactoryTest" classname="MinimalTest.Unit.Core.Database.Connection.CompleteDatabaseConnectionFactoryTest" assertions="1" time="0.001820"/>
        <testcase name="testGetAvailableModulesReturnsCreatedModules" file="/home/dan/Desktop/07/dk/minimal-boot/tests/Unit/Core/Database/Connection/CompleteDatabaseConnectionFactoryTest.php" line="148" class="MinimalTest\Unit\Core\Database\Connection\CompleteDatabaseConnectionFactoryTest" classname="MinimalTest.Unit.Core.Database.Connection.CompleteDatabaseConnectionFactoryTest" assertions="4" time="0.002676"/>
        <testcase name="testConnectionHasCorrectPDOAttributes" file="/home/dan/Desktop/07/dk/minimal-boot/tests/Unit/Core/Database/Connection/CompleteDatabaseConnectionFactoryTest.php" line="165" class="MinimalTest\Unit\Core\Database\Connection\CompleteDatabaseConnectionFactoryTest" classname="MinimalTest.Unit.Core.Database.Connection.CompleteDatabaseConnectionFactoryTest" assertions="2" time="0.002044"/>
        <testcase name="testInMemoryModuleExistsAlwaysReturnsFalse" file="/home/dan/Desktop/07/dk/minimal-boot/tests/Unit/Core/Database/Connection/CompleteDatabaseConnectionFactoryTest.php" line="241" class="MinimalTest\Unit\Core\Database\Connection\CompleteDatabaseConnectionFactoryTest" classname="MinimalTest.Unit.Core.Database.Connection.CompleteDatabaseConnectionFactoryTest" assertions="1" time="0.001927"/>
        <testcase name="testForeignKeysAreEnabled" file="/home/dan/Desktop/07/dk/minimal-boot/tests/Unit/Core/Database/Connection/CompleteDatabaseConnectionFactoryTest.php" line="175" class="MinimalTest\Unit\Core\Database\Connection\CompleteDatabaseConnectionFactoryTest" classname="MinimalTest.Unit.Core.Database.Connection.CompleteDatabaseConnectionFactoryTest" assertions="1" time="0.002172"/>
        <testcase name="testMigrationsTableIsCreatedAutomatically" file="/home/dan/Desktop/07/dk/minimal-boot/tests/Unit/Core/Database/Connection/CompleteDatabaseConnectionFactoryTest.php" line="187" class="MinimalTest\Unit\Core\Database\Connection\CompleteDatabaseConnectionFactoryTest" classname="MinimalTest.Unit.Core.Database.Connection.CompleteDatabaseConnectionFactoryTest" assertions="1" time="0.002148"/>
        <testcase name="testCloseConnectionsClosesAllConnections" file="/home/dan/Desktop/07/dk/minimal-boot/tests/Unit/Core/Database/Connection/CompleteDatabaseConnectionFactoryTest.php" line="199" class="MinimalTest\Unit\Core\Database\Connection\CompleteDatabaseConnectionFactoryTest" classname="MinimalTest.Unit.Core.Database.Connection.CompleteDatabaseConnectionFactoryTest" assertions="6" time="0.002629"/>
        <testcase name="testInvalidDatabasePathThrowsException" file="/home/dan/Desktop/07/dk/minimal-boot/tests/Unit/Core/Database/Connection/CompleteDatabaseConnectionFactoryTest.php" line="226" class="MinimalTest\Unit\Core\Database\Connection\CompleteDatabaseConnectionFactoryTest" classname="MinimalTest.Unit.Core.Database.Connection.CompleteDatabaseConnectionFactoryTest" assertions="2" time="3.498685"/>
        <testcase name="testInMemoryGetAvailableModulesIgnoresMemoryConnections" file="/home/dan/Desktop/07/dk/minimal-boot/tests/Unit/Core/Database/Connection/CompleteDatabaseConnectionFactoryTest.php" line="252" class="MinimalTest\Unit\Core\Database\Connection\CompleteDatabaseConnectionFactoryTest" classname="MinimalTest.Unit.Core.Database.Connection.CompleteDatabaseConnectionFactoryTest" assertions="1" time="0.002310"/>
        <testcase name="testConnectionWithSpecialCharactersInModuleName" file="/home/dan/Desktop/07/dk/minimal-boot/tests/Unit/Core/Database/Connection/CompleteDatabaseConnectionFactoryTest.php" line="268" class="MinimalTest\Unit\Core\Database\Connection\CompleteDatabaseConnectionFactoryTest" classname="MinimalTest.Unit.Core.Database.Connection.CompleteDatabaseConnectionFactoryTest" assertions="2" time="0.002050"/>
        <testcase name="testMultipleConnectionsToSameModuleReturnSameInstance" file="/home/dan/Desktop/07/dk/minimal-boot/tests/Unit/Core/Database/Connection/CompleteDatabaseConnectionFactoryTest.php" line="279" class="MinimalTest\Unit\Core\Database\Connection\CompleteDatabaseConnectionFactoryTest" classname="MinimalTest.Unit.Core.Database.Connection.CompleteDatabaseConnectionFactoryTest" assertions="3" time="0.001968"/>
        <testcase name="testGetDatabaseFileMethod" file="/home/dan/Desktop/07/dk/minimal-boot/tests/Unit/Core/Database/Connection/CompleteDatabaseConnectionFactoryTest.php" line="292" class="MinimalTest\Unit\Core\Database\Connection\CompleteDatabaseConnectionFactoryTest" classname="MinimalTest.Unit.Core.Database.Connection.CompleteDatabaseConnectionFactoryTest" assertions="3" time="0.002019"/>
        <testcase name="testEnsureDatabaseDirectoryMethod" file="/home/dan/Desktop/07/dk/minimal-boot/tests/Unit/Core/Database/Connection/CompleteDatabaseConnectionFactoryTest.php" line="308" class="MinimalTest\Unit\Core\Database\Connection\CompleteDatabaseConnectionFactoryTest" classname="MinimalTest.Unit.Core.Database.Connection.CompleteDatabaseConnectionFactoryTest" assertions="2" time="0.001861"/>
      </testsuite>
      <testsuite name="MinimalTest\Unit\Core\Database\Connection\DatabaseConnectionFactoryTest" file="/home/dan/Desktop/07/dk/minimal-boot/tests/Unit/Core/Database/Connection/DatabaseConnectionFactoryTest.php" tests="13" assertions="21" errors="0" failures="0" skipped="1" time="0.028571">
        <testcase name="testCanCreateConnectionFactory" file="/home/dan/Desktop/07/dk/minimal-boot/tests/Unit/Core/Database/Connection/DatabaseConnectionFactoryTest.php" line="42" class="MinimalTest\Unit\Core\Database\Connection\DatabaseConnectionFactoryTest" classname="MinimalTest.Unit.Core.Database.Connection.DatabaseConnectionFactoryTest" assertions="1" time="0.001922"/>
        <testcase name="testCanGetConnectionForModule" file="/home/dan/Desktop/07/dk/minimal-boot/tests/Unit/Core/Database/Connection/DatabaseConnectionFactoryTest.php" line="49" class="MinimalTest\Unit\Core\Database\Connection\DatabaseConnectionFactoryTest" classname="MinimalTest.Unit.Core.Database.Connection.DatabaseConnectionFactoryTest" assertions="1" time="0.002293"/>
        <testcase name="testConnectionsAreReused" file="/home/dan/Desktop/07/dk/minimal-boot/tests/Unit/Core/Database/Connection/DatabaseConnectionFactoryTest.php" line="58" class="MinimalTest\Unit\Core\Database\Connection\DatabaseConnectionFactoryTest" classname="MinimalTest.Unit.Core.Database.Connection.DatabaseConnectionFactoryTest" assertions="1" time="0.002182"/>
        <testcase name="testDifferentModulesGetDifferentConnections" file="/home/dan/Desktop/07/dk/minimal-boot/tests/Unit/Core/Database/Connection/DatabaseConnectionFactoryTest.php" line="68" class="MinimalTest\Unit\Core\Database\Connection\DatabaseConnectionFactoryTest" classname="MinimalTest.Unit.Core.Database.Connection.DatabaseConnectionFactoryTest" assertions="1" time="0.002245"/>
        <testcase name="testInMemoryDatabase" file="/home/dan/Desktop/07/dk/minimal-boot/tests/Unit/Core/Database/Connection/DatabaseConnectionFactoryTest.php" line="78" class="MinimalTest\Unit\Core\Database\Connection\DatabaseConnectionFactoryTest" classname="MinimalTest.Unit.Core.Database.Connection.DatabaseConnectionFactoryTest" assertions="2" time="0.001958"/>
        <testcase name="testModuleExists" file="/home/dan/Desktop/07/dk/minimal-boot/tests/Unit/Core/Database/Connection/DatabaseConnectionFactoryTest.php" line="97" class="MinimalTest\Unit\Core\Database\Connection\DatabaseConnectionFactoryTest" classname="MinimalTest.Unit.Core.Database.Connection.DatabaseConnectionFactoryTest" assertions="2" time="0.002009"/>
        <testcase name="testCreateModuleDatabase" file="/home/dan/Desktop/07/dk/minimal-boot/tests/Unit/Core/Database/Connection/DatabaseConnectionFactoryTest.php" line="111" class="MinimalTest\Unit\Core\Database\Connection\DatabaseConnectionFactoryTest" classname="MinimalTest.Unit.Core.Database.Connection.DatabaseConnectionFactoryTest" assertions="2" time="0.002046"/>
        <testcase name="testGetAvailableModules" file="/home/dan/Desktop/07/dk/minimal-boot/tests/Unit/Core/Database/Connection/DatabaseConnectionFactoryTest.php" line="122" class="MinimalTest\Unit\Core\Database\Connection\DatabaseConnectionFactoryTest" classname="MinimalTest.Unit.Core.Database.Connection.DatabaseConnectionFactoryTest" assertions="4" time="0.002307"/>
        <testcase name="testForeignKeysAreEnabled" file="/home/dan/Desktop/07/dk/minimal-boot/tests/Unit/Core/Database/Connection/DatabaseConnectionFactoryTest.php" line="152" class="MinimalTest\Unit\Core\Database\Connection\DatabaseConnectionFactoryTest" classname="MinimalTest.Unit.Core.Database.Connection.DatabaseConnectionFactoryTest" assertions="1" time="0.002393"/>
        <testcase name="testMigrationsTableIsCreated" file="/home/dan/Desktop/07/dk/minimal-boot/tests/Unit/Core/Database/Connection/DatabaseConnectionFactoryTest.php" line="164" class="MinimalTest\Unit\Core\Database\Connection\DatabaseConnectionFactoryTest" classname="MinimalTest.Unit.Core.Database.Connection.DatabaseConnectionFactoryTest" assertions="1" time="0.002169"/>
        <testcase name="testCloseConnections" file="/home/dan/Desktop/07/dk/minimal-boot/tests/Unit/Core/Database/Connection/DatabaseConnectionFactoryTest.php" line="176" class="MinimalTest\Unit\Core\Database\Connection\DatabaseConnectionFactoryTest" classname="MinimalTest.Unit.Core.Database.Connection.DatabaseConnectionFactoryTest" assertions="1" time="0.002364"/>
        <testcase name="testInvalidDatabasePathThrowsException" file="/home/dan/Desktop/07/dk/minimal-boot/tests/Unit/Core/Database/Connection/DatabaseConnectionFactoryTest.php" line="192" class="MinimalTest\Unit\Core\Database\Connection\DatabaseConnectionFactoryTest" classname="MinimalTest.Unit.Core.Database.Connection.DatabaseConnectionFactoryTest" assertions="2" time="0.002279"/>
        <testcase name="testConnectionHasCorrectAttributes" file="/home/dan/Desktop/07/dk/minimal-boot/tests/Unit/Core/Database/Connection/DatabaseConnectionFactoryTest.php" line="139" class="MinimalTest\Unit\Core\Database\Connection\DatabaseConnectionFactoryTest" classname="MinimalTest.Unit.Core.Database.Connection.DatabaseConnectionFactoryTest" assertions="2" time="0.002404">
          <skipped/>
        </testcase>
      </testsuite>
      <testsuite name="MinimalTest\Unit\Core\Database\Query\QueryBuilderTest" file="/home/dan/Desktop/07/dk/minimal-boot/tests/Unit/Core/Database/Query/QueryBuilderTest.php" tests="17" assertions="37" errors="0" failures="0" skipped="0" time="0.033788">
        <testcase name="testCanCreateQueryBuilder" file="/home/dan/Desktop/07/dk/minimal-boot/tests/Unit/Core/Database/Query/QueryBuilderTest.php" line="53" class="MinimalTest\Unit\Core\Database\Query\QueryBuilderTest" classname="MinimalTest.Unit.Core.Database.Query.QueryBuilderTest" assertions="1" time="0.002453"/>
        <testcase name="testSelectAll" file="/home/dan/Desktop/07/dk/minimal-boot/tests/Unit/Core/Database/Query/QueryBuilderTest.php" line="60" class="MinimalTest\Unit\Core\Database\Query\QueryBuilderTest" classname="MinimalTest.Unit.Core.Database.Query.QueryBuilderTest" assertions="2" time="0.002100"/>
        <testcase name="testSelectWithSpecificColumns" file="/home/dan/Desktop/07/dk/minimal-boot/tests/Unit/Core/Database/Query/QueryBuilderTest.php" line="70" class="MinimalTest\Unit\Core\Database\Query\QueryBuilderTest" classname="MinimalTest.Unit.Core.Database.Query.QueryBuilderTest" assertions="4" time="0.002026"/>
        <testcase name="testSelectWithWhere" file="/home/dan/Desktop/07/dk/minimal-boot/tests/Unit/Core/Database/Query/QueryBuilderTest.php" line="83" class="MinimalTest\Unit\Core\Database\Query\QueryBuilderTest" classname="MinimalTest.Unit.Core.Database.Query.QueryBuilderTest" assertions="4" time="0.001910"/>
        <testcase name="testSelectWithMultipleWhere" file="/home/dan/Desktop/07/dk/minimal-boot/tests/Unit/Core/Database/Query/QueryBuilderTest.php" line="97" class="MinimalTest\Unit\Core\Database\Query\QueryBuilderTest" classname="MinimalTest.Unit.Core.Database.Query.QueryBuilderTest" assertions="1" time="0.001912"/>
        <testcase name="testSelectWithOrderBy" file="/home/dan/Desktop/07/dk/minimal-boot/tests/Unit/Core/Database/Query/QueryBuilderTest.php" line="110" class="MinimalTest\Unit\Core\Database\Query\QueryBuilderTest" classname="MinimalTest.Unit.Core.Database.Query.QueryBuilderTest" assertions="2" time="0.001921"/>
        <testcase name="testSelectWithLimit" file="/home/dan/Desktop/07/dk/minimal-boot/tests/Unit/Core/Database/Query/QueryBuilderTest.php" line="121" class="MinimalTest\Unit\Core\Database\Query\QueryBuilderTest" classname="MinimalTest.Unit.Core.Database.Query.QueryBuilderTest" assertions="1" time="0.001899"/>
        <testcase name="testSelectWithOffset" file="/home/dan/Desktop/07/dk/minimal-boot/tests/Unit/Core/Database/Query/QueryBuilderTest.php" line="131" class="MinimalTest\Unit\Core\Database\Query\QueryBuilderTest" classname="MinimalTest.Unit.Core.Database.Query.QueryBuilderTest" assertions="2" time="0.001948"/>
        <testcase name="testSelectFirst" file="/home/dan/Desktop/07/dk/minimal-boot/tests/Unit/Core/Database/Query/QueryBuilderTest.php" line="144" class="MinimalTest\Unit\Core\Database\Query\QueryBuilderTest" classname="MinimalTest.Unit.Core.Database.Query.QueryBuilderTest" assertions="3" time="0.001977"/>
        <testcase name="testSelectFirstReturnsNullWhenNotFound" file="/home/dan/Desktop/07/dk/minimal-boot/tests/Unit/Core/Database/Query/QueryBuilderTest.php" line="156" class="MinimalTest\Unit\Core\Database\Query\QueryBuilderTest" classname="MinimalTest.Unit.Core.Database.Query.QueryBuilderTest" assertions="1" time="0.001931"/>
        <testcase name="testInsert" file="/home/dan/Desktop/07/dk/minimal-boot/tests/Unit/Core/Database/Query/QueryBuilderTest.php" line="166" class="MinimalTest\Unit\Core\Database\Query\QueryBuilderTest" classname="MinimalTest.Unit.Core.Database.Query.QueryBuilderTest" assertions="3" time="0.002022"/>
        <testcase name="testUpdate" file="/home/dan/Desktop/07/dk/minimal-boot/tests/Unit/Core/Database/Query/QueryBuilderTest.php" line="191" class="MinimalTest\Unit\Core\Database\Query\QueryBuilderTest" classname="MinimalTest.Unit.Core.Database.Query.QueryBuilderTest" assertions="2" time="0.002001"/>
        <testcase name="testDelete" file="/home/dan/Desktop/07/dk/minimal-boot/tests/Unit/Core/Database/Query/QueryBuilderTest.php" line="209" class="MinimalTest\Unit\Core\Database\Query\QueryBuilderTest" classname="MinimalTest.Unit.Core.Database.Query.QueryBuilderTest" assertions="2" time="0.001966"/>
        <testcase name="testCount" file="/home/dan/Desktop/07/dk/minimal-boot/tests/Unit/Core/Database/Query/QueryBuilderTest.php" line="227" class="MinimalTest\Unit\Core\Database\Query\QueryBuilderTest" classname="MinimalTest.Unit.Core.Database.Query.QueryBuilderTest" assertions="1" time="0.001862"/>
        <testcase name="testExists" file="/home/dan/Desktop/07/dk/minimal-boot/tests/Unit/Core/Database/Query/QueryBuilderTest.php" line="237" class="MinimalTest\Unit\Core\Database\Query\QueryBuilderTest" classname="MinimalTest.Unit.Core.Database.Query.QueryBuilderTest" assertions="2" time="0.001889"/>
        <testcase name="testComplexQuery" file="/home/dan/Desktop/07/dk/minimal-boot/tests/Unit/Core/Database/Query/QueryBuilderTest.php" line="274" class="MinimalTest\Unit\Core\Database\Query\QueryBuilderTest" classname="MinimalTest.Unit.Core.Database.Query.QueryBuilderTest" assertions="3" time="0.002040"/>
        <testcase name="testMultipleWhereConditions" file="/home/dan/Desktop/07/dk/minimal-boot/tests/Unit/Core/Database/Query/QueryBuilderTest.php" line="254" class="MinimalTest\Unit\Core\Database\Query\QueryBuilderTest" classname="MinimalTest.Unit.Core.Database.Query.QueryBuilderTest" assertions="3" time="0.001931"/>
      </testsuite>
      <testsuite name="MinimalTest\Unit\Core\Database\Query\SimpleQueryBuilderTest" file="/home/dan/Desktop/07/dk/minimal-boot/tests/Unit/Core/Database/Query/SimpleQueryBuilderTest.php" tests="11" assertions="23" errors="0" failures="0" skipped="0" time="0.021139">
        <testcase name="testUpdate" file="/home/dan/Desktop/07/dk/minimal-boot/tests/Unit/Core/Database/Query/SimpleQueryBuilderTest.php" line="102" class="MinimalTest\Unit\Core\Database\Query\SimpleQueryBuilderTest" classname="MinimalTest.Unit.Core.Database.Query.SimpleQueryBuilderTest" assertions="2" time="0.001927"/>
        <testcase name="testBasicSelect" file="/home/dan/Desktop/07/dk/minimal-boot/tests/Unit/Core/Database/Query/SimpleQueryBuilderTest.php" line="49" class="MinimalTest\Unit\Core\Database\Query\SimpleQueryBuilderTest" classname="MinimalTest.Unit.Core.Database.Query.SimpleQueryBuilderTest" assertions="2" time="0.001841"/>
        <testcase name="testSelectWithWhere" file="/home/dan/Desktop/07/dk/minimal-boot/tests/Unit/Core/Database/Query/SimpleQueryBuilderTest.php" line="59" class="MinimalTest\Unit\Core\Database\Query\SimpleQueryBuilderTest" classname="MinimalTest.Unit.Core.Database.Query.SimpleQueryBuilderTest" assertions="1" time="0.001872"/>
        <testcase name="testSelectFirst" file="/home/dan/Desktop/07/dk/minimal-boot/tests/Unit/Core/Database/Query/SimpleQueryBuilderTest.php" line="69" class="MinimalTest\Unit\Core\Database\Query\SimpleQueryBuilderTest" classname="MinimalTest.Unit.Core.Database.Query.SimpleQueryBuilderTest" assertions="2" time="0.001878"/>
        <testcase name="testInsert" file="/home/dan/Desktop/07/dk/minimal-boot/tests/Unit/Core/Database/Query/SimpleQueryBuilderTest.php" line="80" class="MinimalTest\Unit\Core\Database\Query\SimpleQueryBuilderTest" classname="MinimalTest.Unit.Core.Database.Query.SimpleQueryBuilderTest" assertions="3" time="0.002002"/>
        <testcase name="testDelete" file="/home/dan/Desktop/07/dk/minimal-boot/tests/Unit/Core/Database/Query/SimpleQueryBuilderTest.php" line="120" class="MinimalTest\Unit\Core\Database\Query\SimpleQueryBuilderTest" classname="MinimalTest.Unit.Core.Database.Query.SimpleQueryBuilderTest" assertions="2" time="0.001890"/>
        <testcase name="testCount" file="/home/dan/Desktop/07/dk/minimal-boot/tests/Unit/Core/Database/Query/SimpleQueryBuilderTest.php" line="138" class="MinimalTest\Unit\Core\Database\Query\SimpleQueryBuilderTest" classname="MinimalTest.Unit.Core.Database.Query.SimpleQueryBuilderTest" assertions="1" time="0.001930"/>
        <testcase name="testOrderBy" file="/home/dan/Desktop/07/dk/minimal-boot/tests/Unit/Core/Database/Query/SimpleQueryBuilderTest.php" line="148" class="MinimalTest\Unit\Core\Database\Query\SimpleQueryBuilderTest" classname="MinimalTest.Unit.Core.Database.Query.SimpleQueryBuilderTest" assertions="3" time="0.001982"/>
        <testcase name="testLimit" file="/home/dan/Desktop/07/dk/minimal-boot/tests/Unit/Core/Database/Query/SimpleQueryBuilderTest.php" line="160" class="MinimalTest\Unit\Core\Database\Query\SimpleQueryBuilderTest" classname="MinimalTest.Unit.Core.Database.Query.SimpleQueryBuilderTest" assertions="1" time="0.001863"/>
        <testcase name="testOffset" file="/home/dan/Desktop/07/dk/minimal-boot/tests/Unit/Core/Database/Query/SimpleQueryBuilderTest.php" line="170" class="MinimalTest\Unit\Core\Database\Query\SimpleQueryBuilderTest" classname="MinimalTest.Unit.Core.Database.Query.SimpleQueryBuilderTest" assertions="2" time="0.001960"/>
        <testcase name="testSelectSpecificColumns" file="/home/dan/Desktop/07/dk/minimal-boot/tests/Unit/Core/Database/Query/SimpleQueryBuilderTest.php" line="183" class="MinimalTest\Unit\Core\Database\Query\SimpleQueryBuilderTest" classname="MinimalTest.Unit.Core.Database.Query.SimpleQueryBuilderTest" assertions="4" time="0.001994"/>
      </testsuite>
      <testsuite name="MinimalTest\Unit\Page\Domain\Entity\PageTest" file="/home/dan/Desktop/07/dk/minimal-boot/tests/Unit/Page/Domain/Entity/PageTest.php" tests="12" assertions="63" errors="0" failures="0" skipped="0" time="0.022869">
        <testcase name="testPageCanBeCreatedWithAllProperties" file="/home/dan/Desktop/07/dk/minimal-boot/tests/Unit/Page/Domain/Entity/PageTest.php" line="16" class="MinimalTest\Unit\Page\Domain\Entity\PageTest" classname="MinimalTest.Unit.Page.Domain.Entity.PageTest" assertions="10" time="0.002175"/>
        <testcase name="testPageCanBeCreatedWithMinimalProperties" file="/home/dan/Desktop/07/dk/minimal-boot/tests/Unit/Page/Domain/Entity/PageTest.php" line="54" class="MinimalTest\Unit\Page\Domain\Entity\PageTest" classname="MinimalTest.Unit.Page.Domain.Entity.PageTest" assertions="10" time="0.001794"/>
        <testcase name="testPageCanBeCreatedUsingFactoryMethod" file="/home/dan/Desktop/07/dk/minimal-boot/tests/Unit/Page/Domain/Entity/PageTest.php" line="80" class="MinimalTest\Unit\Page\Domain\Entity\PageTest" classname="MinimalTest.Unit.Page.Domain.Entity.PageTest" assertions="10" time="0.001798"/>
        <testcase name="testPageFactoryGeneratesUniqueIds" file="/home/dan/Desktop/07/dk/minimal-boot/tests/Unit/Page/Domain/Entity/PageTest.php" line="101" class="MinimalTest\Unit\Page\Domain\Entity\PageTest" classname="MinimalTest.Unit.Page.Domain.Entity.PageTest" assertions="3" time="0.002142"/>
        <testcase name="testPageWithEmptyMetaKeywords" file="/home/dan/Desktop/07/dk/minimal-boot/tests/Unit/Page/Domain/Entity/PageTest.php" line="111" class="MinimalTest\Unit\Page\Domain\Entity\PageTest" classname="MinimalTest.Unit.Page.Domain.Entity.PageTest" assertions="1" time="0.002137"/>
        <testcase name="testPageWithMultipleMetaKeywords" file="/home/dan/Desktop/07/dk/minimal-boot/tests/Unit/Page/Domain/Entity/PageTest.php" line="124" class="MinimalTest\Unit\Page\Domain\Entity\PageTest" classname="MinimalTest.Unit.Page.Domain.Entity.PageTest" assertions="2" time="0.001705"/>
        <testcase name="testUnpublishedPageDefaults" file="/home/dan/Desktop/07/dk/minimal-boot/tests/Unit/Page/Domain/Entity/PageTest.php" line="140" class="MinimalTest\Unit\Page\Domain\Entity\PageTest" classname="MinimalTest.Unit.Page.Domain.Entity.PageTest" assertions="2" time="0.001676"/>
        <testcase name="testPageCreatedAtCurrentTime" file="/home/dan/Desktop/07/dk/minimal-boot/tests/Unit/Page/Domain/Entity/PageTest.php" line="154" class="MinimalTest\Unit\Page\Domain\Entity\PageTest" classname="MinimalTest.Unit.Page.Domain.Entity.PageTest" assertions="4" time="0.002204"/>
        <testcase name="testPagePublishMethod" file="/home/dan/Desktop/07/dk/minimal-boot/tests/Unit/Page/Domain/Entity/PageTest.php" line="220" class="MinimalTest\Unit\Page\Domain\Entity\PageTest" classname="MinimalTest.Unit.Page.Domain.Entity.PageTest" assertions="7" time="0.001783"/>
        <testcase name="testPageWithPublishedAt" file="/home/dan/Desktop/07/dk/minimal-boot/tests/Unit/Page/Domain/Entity/PageTest.php" line="164" class="MinimalTest\Unit\Page\Domain\Entity\PageTest" classname="MinimalTest.Unit.Page.Domain.Entity.PageTest" assertions="2" time="0.001808"/>
        <testcase name="testPageWithCreatedAndUpdatedAt" file="/home/dan/Desktop/07/dk/minimal-boot/tests/Unit/Page/Domain/Entity/PageTest.php" line="181" class="MinimalTest\Unit\Page\Domain\Entity\PageTest" classname="MinimalTest.Unit.Page.Domain.Entity.PageTest" assertions="2" time="0.001725"/>
        <testcase name="testPageFactoryWithMetaDescription" file="/home/dan/Desktop/07/dk/minimal-boot/tests/Unit/Page/Domain/Entity/PageTest.php" line="199" class="MinimalTest\Unit\Page\Domain\Entity\PageTest" classname="MinimalTest.Unit.Page.Domain.Entity.PageTest" assertions="10" time="0.001924"/>
      </testsuite>
      <testsuite name="MinimalTest\Unit\Page\Domain\Service\PageServiceTest" file="/home/dan/Desktop/07/dk/minimal-boot/tests/Unit/Page/Domain/Service/PageServiceTest.php" tests="12" assertions="91" errors="0" failures="0" skipped="0" time="0.045569">
        <testcase name="testCreatePageWithMinimalDataCreatesPage" file="/home/dan/Desktop/07/dk/minimal-boot/tests/Unit/Page/Domain/Service/PageServiceTest.php" line="130" class="MinimalTest\Unit\Page\Domain\Service\PageServiceTest" classname="MinimalTest.Unit.Page.Domain.Service.PageServiceTest" assertions="10" time="0.004385"/>
        <testcase name="testCreatePageWithValidSlugFormats" file="/home/dan/Desktop/07/dk/minimal-boot/tests/Unit/Page/Domain/Service/PageServiceTest.php" line="212" class="MinimalTest\Unit\Page\Domain\Service\PageServiceTest" classname="MinimalTest.Unit.Page.Domain.Service.PageServiceTest" assertions="24" time="0.009446"/>
        <testcase name="testCreatePageWithValidDataCreatesPage" file="/home/dan/Desktop/07/dk/minimal-boot/tests/Unit/Page/Domain/Service/PageServiceTest.php" line="91" class="MinimalTest\Unit\Page\Domain\Service\PageServiceTest" classname="MinimalTest.Unit.Page.Domain.Service.PageServiceTest" assertions="10" time="0.002747"/>
        <testcase name="testCreatePageThrowsExceptionForInvalidSlugFormat" file="/home/dan/Desktop/07/dk/minimal-boot/tests/Unit/Page/Domain/Service/PageServiceTest.php" line="178" class="MinimalTest\Unit\Page\Domain\Service\PageServiceTest" classname="MinimalTest.Unit.Page.Domain.Service.PageServiceTest" assertions="18" time="0.009839"/>
        <testcase name="testCanCreatePageService" file="/home/dan/Desktop/07/dk/minimal-boot/tests/Unit/Page/Domain/Service/PageServiceTest.php" line="31" class="MinimalTest\Unit\Page\Domain\Service\PageServiceTest" classname="MinimalTest.Unit.Page.Domain.Service.PageServiceTest" assertions="1" time="0.001988"/>
        <testcase name="testGetPageBySlugReturnsPageWhenFound" file="/home/dan/Desktop/07/dk/minimal-boot/tests/Unit/Page/Domain/Service/PageServiceTest.php" line="36" class="MinimalTest\Unit\Page\Domain\Service\PageServiceTest" classname="MinimalTest.Unit.Page.Domain.Service.PageServiceTest" assertions="3" time="0.002425"/>
        <testcase name="testGetPageBySlugReturnsNullWhenNotFound" file="/home/dan/Desktop/07/dk/minimal-boot/tests/Unit/Page/Domain/Service/PageServiceTest.php" line="58" class="MinimalTest\Unit\Page\Domain\Service\PageServiceTest" classname="MinimalTest.Unit.Page.Domain.Service.PageServiceTest" assertions="3" time="0.002324"/>
        <testcase name="testGetPublishedPagesReturnsAllPublishedPages" file="/home/dan/Desktop/07/dk/minimal-boot/tests/Unit/Page/Domain/Service/PageServiceTest.php" line="73" class="MinimalTest\Unit\Page\Domain\Service\PageServiceTest" classname="MinimalTest.Unit.Page.Domain.Service.PageServiceTest" assertions="3" time="0.002374"/>
        <testcase name="testCreatePageThrowsExceptionWhenSlugExists" file="/home/dan/Desktop/07/dk/minimal-boot/tests/Unit/Page/Domain/Service/PageServiceTest.php" line="158" class="MinimalTest\Unit\Page\Domain\Service\PageServiceTest" classname="MinimalTest.Unit.Page.Domain.Service.PageServiceTest" assertions="4" time="0.002575"/>
        <testcase name="testPublishPageReturnsPublishedPageWhenFound" file="/home/dan/Desktop/07/dk/minimal-boot/tests/Unit/Page/Domain/Service/PageServiceTest.php" line="243" class="MinimalTest\Unit\Page\Domain\Service\PageServiceTest" classname="MinimalTest.Unit.Page.Domain.Service.PageServiceTest" assertions="7" time="0.002584"/>
        <testcase name="testPublishPageReturnsNullWhenPageNotFound" file="/home/dan/Desktop/07/dk/minimal-boot/tests/Unit/Page/Domain/Service/PageServiceTest.php" line="279" class="MinimalTest\Unit\Page\Domain\Service\PageServiceTest" classname="MinimalTest.Unit.Page.Domain.Service.PageServiceTest" assertions="3" time="0.002312"/>
        <testcase name="testPublishPageWorksWithAlreadyPublishedPage" file="/home/dan/Desktop/07/dk/minimal-boot/tests/Unit/Page/Domain/Service/PageServiceTest.php" line="298" class="MinimalTest\Unit\Page\Domain\Service\PageServiceTest" classname="MinimalTest.Unit.Page.Domain.Service.PageServiceTest" assertions="5" time="0.002572"/>
      </testsuite>
      <testsuite name="MinimalTest\Unit\Page\Handler\GetPageViewHandlerTest" file="/home/dan/Desktop/07/dk/minimal-boot/tests/Unit/Page/Handler/GetPageViewHandlerTest.php" tests="6" assertions="40" errors="0" failures="0" skipped="0" time="0.025530">
        <testcase name="testCanCreateHandler" file="/home/dan/Desktop/07/dk/minimal-boot/tests/Unit/Page/Handler/GetPageViewHandlerTest.php" line="36" class="MinimalTest\Unit\Page\Handler\GetPageViewHandlerTest" classname="MinimalTest.Unit.Page.Handler.GetPageViewHandlerTest" assertions="1" time="0.004577"/>
        <testcase name="testHandleReturns404WhenPageNotFound" file="/home/dan/Desktop/07/dk/minimal-boot/tests/Unit/Page/Handler/GetPageViewHandlerTest.php" line="87" class="MinimalTest\Unit\Page\Handler\GetPageViewHandlerTest" classname="MinimalTest.Unit.Page.Handler.GetPageViewHandlerTest" assertions="9" time="0.007333"/>
        <testcase name="testHandleWithPageWithMetaKeywords" file="/home/dan/Desktop/07/dk/minimal-boot/tests/Unit/Page/Handler/GetPageViewHandlerTest.php" line="119" class="MinimalTest\Unit\Page\Handler\GetPageViewHandlerTest" classname="MinimalTest.Unit.Page.Handler.GetPageViewHandlerTest" assertions="7" time="0.003514"/>
        <testcase name="testHandleWithEmptySlug" file="/home/dan/Desktop/07/dk/minimal-boot/tests/Unit/Page/Handler/GetPageViewHandlerTest.php" line="164" class="MinimalTest\Unit\Page\Handler\GetPageViewHandlerTest" classname="MinimalTest.Unit.Page.Handler.GetPageViewHandlerTest" assertions="7" time="0.003204"/>
        <testcase name="testHandleWithMissingSlugAttribute" file="/home/dan/Desktop/07/dk/minimal-boot/tests/Unit/Page/Handler/GetPageViewHandlerTest.php" line="192" class="MinimalTest\Unit\Page\Handler\GetPageViewHandlerTest" classname="MinimalTest.Unit.Page.Handler.GetPageViewHandlerTest" assertions="7" time="0.003387"/>
        <testcase name="testHandleReturnsPageWhenFound" file="/home/dan/Desktop/07/dk/minimal-boot/tests/Unit/Page/Handler/GetPageViewHandlerTest.php" line="41" class="MinimalTest\Unit\Page\Handler\GetPageViewHandlerTest" classname="MinimalTest.Unit.Page.Handler.GetPageViewHandlerTest" assertions="9" time="0.003515"/>
      </testsuite>
      <testsuite name="MinimalTest\Unit\User\Domain\Service\UserServiceTest" file="/home/dan/Desktop/07/dk/minimal-boot/tests/Unit/User/Domain/Service/UserServiceTest.php" tests="8" assertions="38" errors="0" failures="0" skipped="0" time="1.027465">
        <testcase name="testCreateUserWithShortPassword" file="/home/dan/Desktop/07/dk/minimal-boot/tests/Unit/User/Domain/Service/UserServiceTest.php" line="88" class="MinimalTest\Unit\User\Domain\Service\UserServiceTest" classname="MinimalTest.Unit.User.Domain.Service.UserServiceTest" assertions="2" time="0.005688"/>
        <testcase name="testCreateUserWithInvalidEmail" file="/home/dan/Desktop/07/dk/minimal-boot/tests/Unit/User/Domain/Service/UserServiceTest.php" line="74" class="MinimalTest\Unit\User\Domain\Service\UserServiceTest" classname="MinimalTest.Unit.User.Domain.Service.UserServiceTest" assertions="2" time="0.002136"/>
        <testcase name="testCreateUserWithExistingEmail" file="/home/dan/Desktop/07/dk/minimal-boot/tests/Unit/User/Domain/Service/UserServiceTest.php" line="102" class="MinimalTest\Unit\User\Domain\Service\UserServiceTest" classname="MinimalTest.Unit.User.Domain.Service.UserServiceTest" assertions="4" time="0.002632"/>
        <testcase name="testCreateUserWithExistingUsername" file="/home/dan/Desktop/07/dk/minimal-boot/tests/Unit/User/Domain/Service/UserServiceTest.php" line="124" class="MinimalTest\Unit\User\Domain\Service\UserServiceTest" classname="MinimalTest.Unit.User.Domain.Service.UserServiceTest" assertions="5" time="0.003198"/>
        <testcase name="testAuthenticateWithNonExistentUser" file="/home/dan/Desktop/07/dk/minimal-boot/tests/Unit/User/Domain/Service/UserServiceTest.php" line="219" class="MinimalTest\Unit\User\Domain\Service\UserServiceTest" classname="MinimalTest.Unit.User.Domain.Service.UserServiceTest" assertions="4" time="0.002842"/>
        <testcase name="testAuthenticateWithWrongPassword" file="/home/dan/Desktop/07/dk/minimal-boot/tests/Unit/User/Domain/Service/UserServiceTest.php" line="190" class="MinimalTest\Unit\User\Domain\Service\UserServiceTest" classname="MinimalTest.Unit.User.Domain.Service.UserServiceTest" assertions="3" time="0.336746"/>
        <testcase name="testCreateUserSuccess" file="/home/dan/Desktop/07/dk/minimal-boot/tests/Unit/User/Domain/Service/UserServiceTest.php" line="29" class="MinimalTest\Unit\User\Domain\Service\UserServiceTest" classname="MinimalTest.Unit.User.Domain.Service.UserServiceTest" assertions="12" time="0.337345"/>
        <testcase name="testAuthenticateSuccess" file="/home/dan/Desktop/07/dk/minimal-boot/tests/Unit/User/Domain/Service/UserServiceTest.php" line="153" class="MinimalTest\Unit\User\Domain\Service\UserServiceTest" classname="MinimalTest.Unit.User.Domain.Service.UserServiceTest" assertions="6" time="0.336878"/>
      </testsuite>
      <testsuite name="MinimalTest\Unit\Page\Handler\CompleteGetPageViewHandlerTest" file="/home/dan/Desktop/07/dk/minimal-boot/tests/Unit/Page/Handler/CompleteGetPageViewHandlerTest.php" tests="9" assertions="63" errors="0" failures="0" skipped="0" time="0.031349">
        <testcase name="testHandleReturns404WhenPageNotFound" file="/home/dan/Desktop/07/dk/minimal-boot/tests/Unit/Page/Handler/CompleteGetPageViewHandlerTest.php" line="88" class="MinimalTest\Unit\Page\Handler\CompleteGetPageViewHandlerTest" classname="MinimalTest.Unit.Page.Handler.CompleteGetPageViewHandlerTest" assertions="9" time="0.003788"/>
        <testcase name="testHandleReturns404WhenPageFoundButNotPublished" file="/home/dan/Desktop/07/dk/minimal-boot/tests/Unit/Page/Handler/CompleteGetPageViewHandlerTest.php" line="120" class="MinimalTest\Unit\Page\Handler\CompleteGetPageViewHandlerTest" classname="MinimalTest.Unit.Page.Handler.CompleteGetPageViewHandlerTest" assertions="8" time="0.003324"/>
        <testcase name="testHandleWithPageWithEmptyMetaKeywords" file="/home/dan/Desktop/07/dk/minimal-boot/tests/Unit/Page/Handler/CompleteGetPageViewHandlerTest.php" line="158" class="MinimalTest\Unit\Page\Handler\CompleteGetPageViewHandlerTest" classname="MinimalTest.Unit.Page.Handler.CompleteGetPageViewHandlerTest" assertions="7" time="0.003810"/>
        <testcase name="testHandleWithEmptySlug" file="/home/dan/Desktop/07/dk/minimal-boot/tests/Unit/Page/Handler/CompleteGetPageViewHandlerTest.php" line="203" class="MinimalTest\Unit\Page\Handler\CompleteGetPageViewHandlerTest" classname="MinimalTest.Unit.Page.Handler.CompleteGetPageViewHandlerTest" assertions="7" time="0.003452"/>
        <testcase name="testHandleWithMissingSlugInRouteParams" file="/home/dan/Desktop/07/dk/minimal-boot/tests/Unit/Page/Handler/CompleteGetPageViewHandlerTest.php" line="231" class="MinimalTest\Unit\Page\Handler\CompleteGetPageViewHandlerTest" classname="MinimalTest.Unit.Page.Handler.CompleteGetPageViewHandlerTest" assertions="7" time="0.003231"/>
        <testcase name="testHandleWithNullSlugInRouteParams" file="/home/dan/Desktop/07/dk/minimal-boot/tests/Unit/Page/Handler/CompleteGetPageViewHandlerTest.php" line="309" class="MinimalTest\Unit\Page\Handler\CompleteGetPageViewHandlerTest" classname="MinimalTest.Unit.Page.Handler.CompleteGetPageViewHandlerTest" assertions="7" time="0.003195"/>
        <testcase name="testHandleReturnsPageWhenFoundAndPublished" file="/home/dan/Desktop/07/dk/minimal-boot/tests/Unit/Page/Handler/CompleteGetPageViewHandlerTest.php" line="41" class="MinimalTest\Unit\Page\Handler\CompleteGetPageViewHandlerTest" classname="MinimalTest.Unit.Page.Handler.CompleteGetPageViewHandlerTest" assertions="9" time="0.003964"/>
        <testcase name="testHandleWithComplexPageContent" file="/home/dan/Desktop/07/dk/minimal-boot/tests/Unit/Page/Handler/CompleteGetPageViewHandlerTest.php" line="259" class="MinimalTest\Unit\Page\Handler\CompleteGetPageViewHandlerTest" classname="MinimalTest.Unit.Page.Handler.CompleteGetPageViewHandlerTest" assertions="8" time="0.004322"/>
        <testcase name="testCanCreateHandler" file="/home/dan/Desktop/07/dk/minimal-boot/tests/Unit/Page/Handler/CompleteGetPageViewHandlerTest.php" line="36" class="MinimalTest\Unit\Page\Handler\CompleteGetPageViewHandlerTest" classname="MinimalTest.Unit.Page.Handler.CompleteGetPageViewHandlerTest" assertions="1" time="0.002262"/>
      </testsuite>
      <testsuite name="MinimalTest\Unit\SimpleTest" file="/home/dan/Desktop/07/dk/minimal-boot/tests/Unit/SimpleTest.php" tests="3" assertions="3" errors="0" failures="0" skipped="0" time="0.002320">
        <testcase name="testTrueIsTrue" file="/home/dan/Desktop/07/dk/minimal-boot/tests/Unit/SimpleTest.php" line="14" class="MinimalTest\Unit\SimpleTest" classname="MinimalTest.Unit.SimpleTest" assertions="1" time="0.000790"/>
        <testcase name="testStringConcatenation" file="/home/dan/Desktop/07/dk/minimal-boot/tests/Unit/SimpleTest.php" line="19" class="MinimalTest\Unit\SimpleTest" classname="MinimalTest.Unit.SimpleTest" assertions="1" time="0.000759"/>
        <testcase name="testArrayCount" file="/home/dan/Desktop/07/dk/minimal-boot/tests/Unit/SimpleTest.php" line="25" class="MinimalTest\Unit\SimpleTest" classname="MinimalTest.Unit.SimpleTest" assertions="1" time="0.000771"/>
      </testsuite>
    </testsuite>
    <testsuite name="Integration" tests="13" assertions="30" errors="0" failures="0" skipped="0" time="0.029717">
      <testsuite name="MinimalTest\Integration\Page\Infrastructure\Repository\PdoPageRepositoryTest" file="/home/dan/Desktop/07/dk/minimal-boot/tests/Integration/Page/Infrastructure/Repository/PdoPageRepositoryTest.php" tests="13" assertions="30" errors="0" failures="0" skipped="0" time="0.029717">
        <testcase name="testCanSaveAndFindPageById" file="/home/dan/Desktop/07/dk/minimal-boot/tests/Integration/Page/Infrastructure/Repository/PdoPageRepositoryTest.php" line="65" class="MinimalTest\Integration\Page\Infrastructure\Repository\PdoPageRepositoryTest" classname="MinimalTest.Integration.Page.Infrastructure.Repository.PdoPageRepositoryTest" assertions="5" time="0.002768"/>
        <testcase name="testCanFindPageBySlug" file="/home/dan/Desktop/07/dk/minimal-boot/tests/Integration/Page/Infrastructure/Repository/PdoPageRepositoryTest.php" line="80" class="MinimalTest\Integration\Page\Infrastructure\Repository\PdoPageRepositoryTest" classname="MinimalTest.Integration.Page.Infrastructure.Repository.PdoPageRepositoryTest" assertions="3" time="0.002160"/>
        <testcase name="testCannotFindUnpublishedPageBySlug" file="/home/dan/Desktop/07/dk/minimal-boot/tests/Integration/Page/Infrastructure/Repository/PdoPageRepositoryTest.php" line="100" class="MinimalTest\Integration\Page\Infrastructure\Repository\PdoPageRepositoryTest" classname="MinimalTest.Integration.Page.Infrastructure.Repository.PdoPageRepositoryTest" assertions="1" time="0.002134"/>
        <testcase name="testCanUpdateExistingPage" file="/home/dan/Desktop/07/dk/minimal-boot/tests/Integration/Page/Infrastructure/Repository/PdoPageRepositoryTest.php" line="163" class="MinimalTest\Integration\Page\Infrastructure\Repository\PdoPageRepositoryTest" classname="MinimalTest.Integration.Page.Infrastructure.Repository.PdoPageRepositoryTest" assertions="5" time="0.002274"/>
        <testcase name="testCanDeletePageById" file="/home/dan/Desktop/07/dk/minimal-boot/tests/Integration/Page/Infrastructure/Repository/PdoPageRepositoryTest.php" line="191" class="MinimalTest\Integration\Page\Infrastructure\Repository\PdoPageRepositoryTest" classname="MinimalTest.Integration.Page.Infrastructure.Repository.PdoPageRepositoryTest" assertions="2" time="0.002169"/>
        <testcase name="testCanDeletePageBySlug" file="/home/dan/Desktop/07/dk/minimal-boot/tests/Integration/Page/Infrastructure/Repository/PdoPageRepositoryTest.php" line="206" class="MinimalTest\Integration\Page\Infrastructure\Repository\PdoPageRepositoryTest" classname="MinimalTest.Integration.Page.Infrastructure.Repository.PdoPageRepositoryTest" assertions="2" time="0.002298"/>
        <testcase name="testExistsReturnsTrueForExistingPage" file="/home/dan/Desktop/07/dk/minimal-boot/tests/Integration/Page/Infrastructure/Repository/PdoPageRepositoryTest.php" line="229" class="MinimalTest\Integration\Page\Infrastructure\Repository\PdoPageRepositoryTest" classname="MinimalTest.Integration.Page.Infrastructure.Repository.PdoPageRepositoryTest" assertions="1" time="0.002173"/>
        <testcase name="testExistsReturnsFalseForNonExistingPage" file="/home/dan/Desktop/07/dk/minimal-boot/tests/Integration/Page/Infrastructure/Repository/PdoPageRepositoryTest.php" line="237" class="MinimalTest\Integration\Page\Infrastructure\Repository\PdoPageRepositoryTest" classname="MinimalTest.Integration.Page.Infrastructure.Repository.PdoPageRepositoryTest" assertions="1" time="0.002013"/>
        <testcase name="testExistsBySlugReturnsTrueForExistingSlug" file="/home/dan/Desktop/07/dk/minimal-boot/tests/Integration/Page/Infrastructure/Repository/PdoPageRepositoryTest.php" line="242" class="MinimalTest\Integration\Page\Infrastructure\Repository\PdoPageRepositoryTest" classname="MinimalTest.Integration.Page.Infrastructure.Repository.PdoPageRepositoryTest" assertions="1" time="0.002132"/>
        <testcase name="testExistsBySlugReturnsFalseForNonExistingSlug" file="/home/dan/Desktop/07/dk/minimal-boot/tests/Integration/Page/Infrastructure/Repository/PdoPageRepositoryTest.php" line="258" class="MinimalTest\Integration\Page\Infrastructure\Repository\PdoPageRepositoryTest" classname="MinimalTest.Integration.Page.Infrastructure.Repository.PdoPageRepositoryTest" assertions="1" time="0.002006"/>
        <testcase name="testCanHandlePageWithComplexContent" file="/home/dan/Desktop/07/dk/minimal-boot/tests/Integration/Page/Infrastructure/Repository/PdoPageRepositoryTest.php" line="283" class="MinimalTest\Integration\Page\Infrastructure\Repository\PdoPageRepositoryTest" classname="MinimalTest.Integration.Page.Infrastructure.Repository.PdoPageRepositoryTest" assertions="3" time="0.002069"/>
        <testcase name="testFindAllPublishedIsSameAsFindPublished" file="/home/dan/Desktop/07/dk/minimal-boot/tests/Integration/Page/Infrastructure/Repository/PdoPageRepositoryTest.php" line="263" class="MinimalTest\Integration\Page\Infrastructure\Repository\PdoPageRepositoryTest" classname="MinimalTest.Integration.Page.Infrastructure.Repository.PdoPageRepositoryTest" assertions="1" time="0.002962"/>
        <testcase name="testCanFindAllPublishedPages" file="/home/dan/Desktop/07/dk/minimal-boot/tests/Integration/Page/Infrastructure/Repository/PdoPageRepositoryTest.php" line="118" class="MinimalTest\Integration\Page\Infrastructure\Repository\PdoPageRepositoryTest" classname="MinimalTest.Integration.Page.Infrastructure.Repository.PdoPageRepositoryTest" assertions="4" time="0.002559"/>
      </testsuite>
    </testsuite>
  </testsuite>
</testsuites>
