<?xml version="1.0" encoding="UTF-8"?>
<testsuites>
  <testsuite name="/home/dan/Desktop/07/dk/minimal-boot/phpunit.xml" tests="126" assertions="450" errors="0" failures="0" skipped="1" time="4.984495">
    <testsuite name="Unit" tests="113" assertions="420" errors="0" failures="0" skipped="1" time="4.954384">
      <testsuite name="MinimalTest\Unit\Core\Database\Connection\CompleteDatabaseConnectionFactoryTest" file="/home/dan/Desktop/07/dk/minimal-boot/tests/Unit/Core/Database/Connection/CompleteDatabaseConnectionFactoryTest.php" tests="22" assertions="41" errors="0" failures="0" skipped="0" time="3.703289">
        <testcase name="testInMemoryDatabaseConnection" file="/home/dan/Desktop/07/dk/minimal-boot/tests/Unit/Core/Database/Connection/CompleteDatabaseConnectionFactoryTest.php" line="79" class="MinimalTest\Unit\Core\Database\Connection\CompleteDatabaseConnectionFactoryTest" classname="MinimalTest.Unit.Core.Database.Connection.CompleteDatabaseConnectionFactoryTest" assertions="2" time="0.004975"/>
        <testcase name="testCanCreateConnectionFactory" file="/home/dan/Desktop/07/dk/minimal-boot/tests/Unit/Core/Database/Connection/CompleteDatabaseConnectionFactoryTest.php" line="43" class="MinimalTest\Unit\Core\Database\Connection\CompleteDatabaseConnectionFactoryTest" classname="MinimalTest.Unit.Core.Database.Connection.CompleteDatabaseConnectionFactoryTest" assertions="1" time="0.002026"/>
        <testcase name="testGetConnectionCreatesNewConnection" file="/home/dan/Desktop/07/dk/minimal-boot/tests/Unit/Core/Database/Connection/CompleteDatabaseConnectionFactoryTest.php" line="50" class="MinimalTest\Unit\Core\Database\Connection\CompleteDatabaseConnectionFactoryTest" classname="MinimalTest.Unit.Core.Database.Connection.CompleteDatabaseConnectionFactoryTest" assertions="1" time="0.002241"/>
        <testcase name="testGetConnectionReusesExistingConnection" file="/home/dan/Desktop/07/dk/minimal-boot/tests/Unit/Core/Database/Connection/CompleteDatabaseConnectionFactoryTest.php" line="59" class="MinimalTest\Unit\Core\Database\Connection\CompleteDatabaseConnectionFactoryTest" classname="MinimalTest.Unit.Core.Database.Connection.CompleteDatabaseConnectionFactoryTest" assertions="1" time="0.002061"/>
        <testcase name="testGetConnectionCreatesDifferentConnectionsForDifferentModules" file="/home/dan/Desktop/07/dk/minimal-boot/tests/Unit/Core/Database/Connection/CompleteDatabaseConnectionFactoryTest.php" line="69" class="MinimalTest\Unit\Core\Database\Connection\CompleteDatabaseConnectionFactoryTest" classname="MinimalTest.Unit.Core.Database.Connection.CompleteDatabaseConnectionFactoryTest" assertions="1" time="0.002454"/>
        <testcase name="testModuleExistsReturnsFalseInitially" file="/home/dan/Desktop/07/dk/minimal-boot/tests/Unit/Core/Database/Connection/CompleteDatabaseConnectionFactoryTest.php" line="98" class="MinimalTest\Unit\Core\Database\Connection\CompleteDatabaseConnectionFactoryTest" classname="MinimalTest.Unit.Core.Database.Connection.CompleteDatabaseConnectionFactoryTest" assertions="1" time="0.001987"/>
        <testcase name="testModuleExistsReturnsTrueAfterCreation" file="/home/dan/Desktop/07/dk/minimal-boot/tests/Unit/Core/Database/Connection/CompleteDatabaseConnectionFactoryTest.php" line="105" class="MinimalTest\Unit\Core\Database\Connection\CompleteDatabaseConnectionFactoryTest" classname="MinimalTest.Unit.Core.Database.Connection.CompleteDatabaseConnectionFactoryTest" assertions="1" time="0.002284"/>
        <testcase name="testCreateModuleDatabaseCreatesNewModule" file="/home/dan/Desktop/07/dk/minimal-boot/tests/Unit/Core/Database/Connection/CompleteDatabaseConnectionFactoryTest.php" line="115" class="MinimalTest\Unit\Core\Database\Connection\CompleteDatabaseConnectionFactoryTest" classname="MinimalTest.Unit.Core.Database.Connection.CompleteDatabaseConnectionFactoryTest" assertions="2" time="0.002345"/>
        <testcase name="testCreateModuleDatabaseWithExistingModule" file="/home/dan/Desktop/07/dk/minimal-boot/tests/Unit/Core/Database/Connection/CompleteDatabaseConnectionFactoryTest.php" line="126" class="MinimalTest\Unit\Core\Database\Connection\CompleteDatabaseConnectionFactoryTest" classname="MinimalTest.Unit.Core.Database.Connection.CompleteDatabaseConnectionFactoryTest" assertions="2" time="0.002316"/>
        <testcase name="testGetAvailableModulesReturnsEmptyArrayInitially" file="/home/dan/Desktop/07/dk/minimal-boot/tests/Unit/Core/Database/Connection/CompleteDatabaseConnectionFactoryTest.php" line="139" class="MinimalTest\Unit\Core\Database\Connection\CompleteDatabaseConnectionFactoryTest" classname="MinimalTest.Unit.Core.Database.Connection.CompleteDatabaseConnectionFactoryTest" assertions="1" time="0.001903"/>
        <testcase name="testGetAvailableModulesReturnsCreatedModules" file="/home/dan/Desktop/07/dk/minimal-boot/tests/Unit/Core/Database/Connection/CompleteDatabaseConnectionFactoryTest.php" line="148" class="MinimalTest\Unit\Core\Database\Connection\CompleteDatabaseConnectionFactoryTest" classname="MinimalTest.Unit.Core.Database.Connection.CompleteDatabaseConnectionFactoryTest" assertions="4" time="0.002703"/>
        <testcase name="testConnectionHasCorrectPDOAttributes" file="/home/dan/Desktop/07/dk/minimal-boot/tests/Unit/Core/Database/Connection/CompleteDatabaseConnectionFactoryTest.php" line="165" class="MinimalTest\Unit\Core\Database\Connection\CompleteDatabaseConnectionFactoryTest" classname="MinimalTest.Unit.Core.Database.Connection.CompleteDatabaseConnectionFactoryTest" assertions="2" time="0.002066"/>
        <testcase name="testInMemoryModuleExistsAlwaysReturnsFalse" file="/home/dan/Desktop/07/dk/minimal-boot/tests/Unit/Core/Database/Connection/CompleteDatabaseConnectionFactoryTest.php" line="241" class="MinimalTest\Unit\Core\Database\Connection\CompleteDatabaseConnectionFactoryTest" classname="MinimalTest.Unit.Core.Database.Connection.CompleteDatabaseConnectionFactoryTest" assertions="1" time="0.002041"/>
        <testcase name="testForeignKeysAreEnabled" file="/home/dan/Desktop/07/dk/minimal-boot/tests/Unit/Core/Database/Connection/CompleteDatabaseConnectionFactoryTest.php" line="175" class="MinimalTest\Unit\Core\Database\Connection\CompleteDatabaseConnectionFactoryTest" classname="MinimalTest.Unit.Core.Database.Connection.CompleteDatabaseConnectionFactoryTest" assertions="1" time="0.002217"/>
        <testcase name="testMigrationsTableIsCreatedAutomatically" file="/home/dan/Desktop/07/dk/minimal-boot/tests/Unit/Core/Database/Connection/CompleteDatabaseConnectionFactoryTest.php" line="187" class="MinimalTest\Unit\Core\Database\Connection\CompleteDatabaseConnectionFactoryTest" classname="MinimalTest.Unit.Core.Database.Connection.CompleteDatabaseConnectionFactoryTest" assertions="1" time="0.002165"/>
        <testcase name="testCloseConnectionsClosesAllConnections" file="/home/dan/Desktop/07/dk/minimal-boot/tests/Unit/Core/Database/Connection/CompleteDatabaseConnectionFactoryTest.php" line="199" class="MinimalTest\Unit\Core\Database\Connection\CompleteDatabaseConnectionFactoryTest" classname="MinimalTest.Unit.Core.Database.Connection.CompleteDatabaseConnectionFactoryTest" assertions="6" time="0.002712"/>
        <testcase name="testInvalidDatabasePathThrowsException" file="/home/dan/Desktop/07/dk/minimal-boot/tests/Unit/Core/Database/Connection/CompleteDatabaseConnectionFactoryTest.php" line="226" class="MinimalTest\Unit\Core\Database\Connection\CompleteDatabaseConnectionFactoryTest" classname="MinimalTest.Unit.Core.Database.Connection.CompleteDatabaseConnectionFactoryTest" assertions="2" time="3.653610"/>
        <testcase name="testInMemoryGetAvailableModulesIgnoresMemoryConnections" file="/home/dan/Desktop/07/dk/minimal-boot/tests/Unit/Core/Database/Connection/CompleteDatabaseConnectionFactoryTest.php" line="252" class="MinimalTest\Unit\Core\Database\Connection\CompleteDatabaseConnectionFactoryTest" classname="MinimalTest.Unit.Core.Database.Connection.CompleteDatabaseConnectionFactoryTest" assertions="1" time="0.002541"/>
        <testcase name="testConnectionWithSpecialCharactersInModuleName" file="/home/dan/Desktop/07/dk/minimal-boot/tests/Unit/Core/Database/Connection/CompleteDatabaseConnectionFactoryTest.php" line="268" class="MinimalTest\Unit\Core\Database\Connection\CompleteDatabaseConnectionFactoryTest" classname="MinimalTest.Unit.Core.Database.Connection.CompleteDatabaseConnectionFactoryTest" assertions="2" time="0.002312"/>
        <testcase name="testMultipleConnectionsToSameModuleReturnSameInstance" file="/home/dan/Desktop/07/dk/minimal-boot/tests/Unit/Core/Database/Connection/CompleteDatabaseConnectionFactoryTest.php" line="279" class="MinimalTest\Unit\Core\Database\Connection\CompleteDatabaseConnectionFactoryTest" classname="MinimalTest.Unit.Core.Database.Connection.CompleteDatabaseConnectionFactoryTest" assertions="3" time="0.002226"/>
        <testcase name="testGetDatabaseFileMethod" file="/home/dan/Desktop/07/dk/minimal-boot/tests/Unit/Core/Database/Connection/CompleteDatabaseConnectionFactoryTest.php" line="292" class="MinimalTest\Unit\Core\Database\Connection\CompleteDatabaseConnectionFactoryTest" classname="MinimalTest.Unit.Core.Database.Connection.CompleteDatabaseConnectionFactoryTest" assertions="3" time="0.002126"/>
        <testcase name="testEnsureDatabaseDirectoryMethod" file="/home/dan/Desktop/07/dk/minimal-boot/tests/Unit/Core/Database/Connection/CompleteDatabaseConnectionFactoryTest.php" line="308" class="MinimalTest\Unit\Core\Database\Connection\CompleteDatabaseConnectionFactoryTest" classname="MinimalTest.Unit.Core.Database.Connection.CompleteDatabaseConnectionFactoryTest" assertions="2" time="0.001979"/>
      </testsuite>
      <testsuite name="MinimalTest\Unit\Core\Database\Connection\DatabaseConnectionFactoryTest" file="/home/dan/Desktop/07/dk/minimal-boot/tests/Unit/Core/Database/Connection/DatabaseConnectionFactoryTest.php" tests="13" assertions="21" errors="0" failures="0" skipped="1" time="0.029636">
        <testcase name="testCanCreateConnectionFactory" file="/home/dan/Desktop/07/dk/minimal-boot/tests/Unit/Core/Database/Connection/DatabaseConnectionFactoryTest.php" line="42" class="MinimalTest\Unit\Core\Database\Connection\DatabaseConnectionFactoryTest" classname="MinimalTest.Unit.Core.Database.Connection.DatabaseConnectionFactoryTest" assertions="1" time="0.001951"/>
        <testcase name="testCanGetConnectionForModule" file="/home/dan/Desktop/07/dk/minimal-boot/tests/Unit/Core/Database/Connection/DatabaseConnectionFactoryTest.php" line="49" class="MinimalTest\Unit\Core\Database\Connection\DatabaseConnectionFactoryTest" classname="MinimalTest.Unit.Core.Database.Connection.DatabaseConnectionFactoryTest" assertions="1" time="0.002504"/>
        <testcase name="testConnectionsAreReused" file="/home/dan/Desktop/07/dk/minimal-boot/tests/Unit/Core/Database/Connection/DatabaseConnectionFactoryTest.php" line="58" class="MinimalTest\Unit\Core\Database\Connection\DatabaseConnectionFactoryTest" classname="MinimalTest.Unit.Core.Database.Connection.DatabaseConnectionFactoryTest" assertions="1" time="0.002305"/>
        <testcase name="testDifferentModulesGetDifferentConnections" file="/home/dan/Desktop/07/dk/minimal-boot/tests/Unit/Core/Database/Connection/DatabaseConnectionFactoryTest.php" line="68" class="MinimalTest\Unit\Core\Database\Connection\DatabaseConnectionFactoryTest" classname="MinimalTest.Unit.Core.Database.Connection.DatabaseConnectionFactoryTest" assertions="1" time="0.002358"/>
        <testcase name="testInMemoryDatabase" file="/home/dan/Desktop/07/dk/minimal-boot/tests/Unit/Core/Database/Connection/DatabaseConnectionFactoryTest.php" line="78" class="MinimalTest\Unit\Core\Database\Connection\DatabaseConnectionFactoryTest" classname="MinimalTest.Unit.Core.Database.Connection.DatabaseConnectionFactoryTest" assertions="2" time="0.002025"/>
        <testcase name="testModuleExists" file="/home/dan/Desktop/07/dk/minimal-boot/tests/Unit/Core/Database/Connection/DatabaseConnectionFactoryTest.php" line="97" class="MinimalTest\Unit\Core\Database\Connection\DatabaseConnectionFactoryTest" classname="MinimalTest.Unit.Core.Database.Connection.DatabaseConnectionFactoryTest" assertions="2" time="0.002092"/>
        <testcase name="testCreateModuleDatabase" file="/home/dan/Desktop/07/dk/minimal-boot/tests/Unit/Core/Database/Connection/DatabaseConnectionFactoryTest.php" line="111" class="MinimalTest\Unit\Core\Database\Connection\DatabaseConnectionFactoryTest" classname="MinimalTest.Unit.Core.Database.Connection.DatabaseConnectionFactoryTest" assertions="2" time="0.002220"/>
        <testcase name="testGetAvailableModules" file="/home/dan/Desktop/07/dk/minimal-boot/tests/Unit/Core/Database/Connection/DatabaseConnectionFactoryTest.php" line="122" class="MinimalTest\Unit\Core\Database\Connection\DatabaseConnectionFactoryTest" classname="MinimalTest.Unit.Core.Database.Connection.DatabaseConnectionFactoryTest" assertions="4" time="0.002497"/>
        <testcase name="testForeignKeysAreEnabled" file="/home/dan/Desktop/07/dk/minimal-boot/tests/Unit/Core/Database/Connection/DatabaseConnectionFactoryTest.php" line="152" class="MinimalTest\Unit\Core\Database\Connection\DatabaseConnectionFactoryTest" classname="MinimalTest.Unit.Core.Database.Connection.DatabaseConnectionFactoryTest" assertions="1" time="0.002207"/>
        <testcase name="testMigrationsTableIsCreated" file="/home/dan/Desktop/07/dk/minimal-boot/tests/Unit/Core/Database/Connection/DatabaseConnectionFactoryTest.php" line="164" class="MinimalTest\Unit\Core\Database\Connection\DatabaseConnectionFactoryTest" classname="MinimalTest.Unit.Core.Database.Connection.DatabaseConnectionFactoryTest" assertions="1" time="0.002169"/>
        <testcase name="testCloseConnections" file="/home/dan/Desktop/07/dk/minimal-boot/tests/Unit/Core/Database/Connection/DatabaseConnectionFactoryTest.php" line="176" class="MinimalTest\Unit\Core\Database\Connection\DatabaseConnectionFactoryTest" classname="MinimalTest.Unit.Core.Database.Connection.DatabaseConnectionFactoryTest" assertions="1" time="0.002453"/>
        <testcase name="testInvalidDatabasePathThrowsException" file="/home/dan/Desktop/07/dk/minimal-boot/tests/Unit/Core/Database/Connection/DatabaseConnectionFactoryTest.php" line="192" class="MinimalTest\Unit\Core\Database\Connection\DatabaseConnectionFactoryTest" classname="MinimalTest.Unit.Core.Database.Connection.DatabaseConnectionFactoryTest" assertions="2" time="0.002445"/>
        <testcase name="testConnectionHasCorrectAttributes" file="/home/dan/Desktop/07/dk/minimal-boot/tests/Unit/Core/Database/Connection/DatabaseConnectionFactoryTest.php" line="139" class="MinimalTest\Unit\Core\Database\Connection\DatabaseConnectionFactoryTest" classname="MinimalTest.Unit.Core.Database.Connection.DatabaseConnectionFactoryTest" assertions="2" time="0.002410">
          <skipped/>
        </testcase>
      </testsuite>
      <testsuite name="MinimalTest\Unit\Core\Database\Query\QueryBuilderTest" file="/home/dan/Desktop/07/dk/minimal-boot/tests/Unit/Core/Database/Query/QueryBuilderTest.php" tests="17" assertions="37" errors="0" failures="0" skipped="0" time="0.035230">
        <testcase name="testCanCreateQueryBuilder" file="/home/dan/Desktop/07/dk/minimal-boot/tests/Unit/Core/Database/Query/QueryBuilderTest.php" line="53" class="MinimalTest\Unit\Core\Database\Query\QueryBuilderTest" classname="MinimalTest.Unit.Core.Database.Query.QueryBuilderTest" assertions="1" time="0.002642"/>
        <testcase name="testSelectAll" file="/home/dan/Desktop/07/dk/minimal-boot/tests/Unit/Core/Database/Query/QueryBuilderTest.php" line="60" class="MinimalTest\Unit\Core\Database\Query\QueryBuilderTest" classname="MinimalTest.Unit.Core.Database.Query.QueryBuilderTest" assertions="2" time="0.002160"/>
        <testcase name="testSelectWithSpecificColumns" file="/home/dan/Desktop/07/dk/minimal-boot/tests/Unit/Core/Database/Query/QueryBuilderTest.php" line="70" class="MinimalTest\Unit\Core\Database\Query\QueryBuilderTest" classname="MinimalTest.Unit.Core.Database.Query.QueryBuilderTest" assertions="4" time="0.002036"/>
        <testcase name="testSelectWithWhere" file="/home/dan/Desktop/07/dk/minimal-boot/tests/Unit/Core/Database/Query/QueryBuilderTest.php" line="83" class="MinimalTest\Unit\Core\Database\Query\QueryBuilderTest" classname="MinimalTest.Unit.Core.Database.Query.QueryBuilderTest" assertions="4" time="0.002100"/>
        <testcase name="testSelectWithMultipleWhere" file="/home/dan/Desktop/07/dk/minimal-boot/tests/Unit/Core/Database/Query/QueryBuilderTest.php" line="97" class="MinimalTest\Unit\Core\Database\Query\QueryBuilderTest" classname="MinimalTest.Unit.Core.Database.Query.QueryBuilderTest" assertions="1" time="0.002022"/>
        <testcase name="testSelectWithOrderBy" file="/home/dan/Desktop/07/dk/minimal-boot/tests/Unit/Core/Database/Query/QueryBuilderTest.php" line="110" class="MinimalTest\Unit\Core\Database\Query\QueryBuilderTest" classname="MinimalTest.Unit.Core.Database.Query.QueryBuilderTest" assertions="2" time="0.002076"/>
        <testcase name="testSelectWithLimit" file="/home/dan/Desktop/07/dk/minimal-boot/tests/Unit/Core/Database/Query/QueryBuilderTest.php" line="121" class="MinimalTest\Unit\Core\Database\Query\QueryBuilderTest" classname="MinimalTest.Unit.Core.Database.Query.QueryBuilderTest" assertions="1" time="0.001922"/>
        <testcase name="testSelectWithOffset" file="/home/dan/Desktop/07/dk/minimal-boot/tests/Unit/Core/Database/Query/QueryBuilderTest.php" line="131" class="MinimalTest\Unit\Core\Database\Query\QueryBuilderTest" classname="MinimalTest.Unit.Core.Database.Query.QueryBuilderTest" assertions="2" time="0.002032"/>
        <testcase name="testSelectFirst" file="/home/dan/Desktop/07/dk/minimal-boot/tests/Unit/Core/Database/Query/QueryBuilderTest.php" line="144" class="MinimalTest\Unit\Core\Database\Query\QueryBuilderTest" classname="MinimalTest.Unit.Core.Database.Query.QueryBuilderTest" assertions="3" time="0.002069"/>
        <testcase name="testSelectFirstReturnsNullWhenNotFound" file="/home/dan/Desktop/07/dk/minimal-boot/tests/Unit/Core/Database/Query/QueryBuilderTest.php" line="156" class="MinimalTest\Unit\Core\Database\Query\QueryBuilderTest" classname="MinimalTest.Unit.Core.Database.Query.QueryBuilderTest" assertions="1" time="0.001981"/>
        <testcase name="testInsert" file="/home/dan/Desktop/07/dk/minimal-boot/tests/Unit/Core/Database/Query/QueryBuilderTest.php" line="166" class="MinimalTest\Unit\Core\Database\Query\QueryBuilderTest" classname="MinimalTest.Unit.Core.Database.Query.QueryBuilderTest" assertions="3" time="0.001997"/>
        <testcase name="testUpdate" file="/home/dan/Desktop/07/dk/minimal-boot/tests/Unit/Core/Database/Query/QueryBuilderTest.php" line="191" class="MinimalTest\Unit\Core\Database\Query\QueryBuilderTest" classname="MinimalTest.Unit.Core.Database.Query.QueryBuilderTest" assertions="2" time="0.002040"/>
        <testcase name="testDelete" file="/home/dan/Desktop/07/dk/minimal-boot/tests/Unit/Core/Database/Query/QueryBuilderTest.php" line="209" class="MinimalTest\Unit\Core\Database\Query\QueryBuilderTest" classname="MinimalTest.Unit.Core.Database.Query.QueryBuilderTest" assertions="2" time="0.001953"/>
        <testcase name="testCount" file="/home/dan/Desktop/07/dk/minimal-boot/tests/Unit/Core/Database/Query/QueryBuilderTest.php" line="227" class="MinimalTest\Unit\Core\Database\Query\QueryBuilderTest" classname="MinimalTest.Unit.Core.Database.Query.QueryBuilderTest" assertions="1" time="0.002116"/>
        <testcase name="testExists" file="/home/dan/Desktop/07/dk/minimal-boot/tests/Unit/Core/Database/Query/QueryBuilderTest.php" line="237" class="MinimalTest\Unit\Core\Database\Query\QueryBuilderTest" classname="MinimalTest.Unit.Core.Database.Query.QueryBuilderTest" assertions="2" time="0.002018"/>
        <testcase name="testComplexQuery" file="/home/dan/Desktop/07/dk/minimal-boot/tests/Unit/Core/Database/Query/QueryBuilderTest.php" line="274" class="MinimalTest\Unit\Core\Database\Query\QueryBuilderTest" classname="MinimalTest.Unit.Core.Database.Query.QueryBuilderTest" assertions="3" time="0.001991"/>
        <testcase name="testMultipleWhereConditions" file="/home/dan/Desktop/07/dk/minimal-boot/tests/Unit/Core/Database/Query/QueryBuilderTest.php" line="254" class="MinimalTest\Unit\Core\Database\Query\QueryBuilderTest" classname="MinimalTest.Unit.Core.Database.Query.QueryBuilderTest" assertions="3" time="0.002075"/>
      </testsuite>
      <testsuite name="MinimalTest\Unit\Core\Database\Query\SimpleQueryBuilderTest" file="/home/dan/Desktop/07/dk/minimal-boot/tests/Unit/Core/Database/Query/SimpleQueryBuilderTest.php" tests="11" assertions="23" errors="0" failures="0" skipped="0" time="0.022284">
        <testcase name="testUpdate" file="/home/dan/Desktop/07/dk/minimal-boot/tests/Unit/Core/Database/Query/SimpleQueryBuilderTest.php" line="102" class="MinimalTest\Unit\Core\Database\Query\SimpleQueryBuilderTest" classname="MinimalTest.Unit.Core.Database.Query.SimpleQueryBuilderTest" assertions="2" time="0.002155"/>
        <testcase name="testBasicSelect" file="/home/dan/Desktop/07/dk/minimal-boot/tests/Unit/Core/Database/Query/SimpleQueryBuilderTest.php" line="49" class="MinimalTest\Unit\Core\Database\Query\SimpleQueryBuilderTest" classname="MinimalTest.Unit.Core.Database.Query.SimpleQueryBuilderTest" assertions="2" time="0.002111"/>
        <testcase name="testSelectWithWhere" file="/home/dan/Desktop/07/dk/minimal-boot/tests/Unit/Core/Database/Query/SimpleQueryBuilderTest.php" line="59" class="MinimalTest\Unit\Core\Database\Query\SimpleQueryBuilderTest" classname="MinimalTest.Unit.Core.Database.Query.SimpleQueryBuilderTest" assertions="1" time="0.001948"/>
        <testcase name="testSelectFirst" file="/home/dan/Desktop/07/dk/minimal-boot/tests/Unit/Core/Database/Query/SimpleQueryBuilderTest.php" line="69" class="MinimalTest\Unit\Core\Database\Query\SimpleQueryBuilderTest" classname="MinimalTest.Unit.Core.Database.Query.SimpleQueryBuilderTest" assertions="2" time="0.001938"/>
        <testcase name="testInsert" file="/home/dan/Desktop/07/dk/minimal-boot/tests/Unit/Core/Database/Query/SimpleQueryBuilderTest.php" line="80" class="MinimalTest\Unit\Core\Database\Query\SimpleQueryBuilderTest" classname="MinimalTest.Unit.Core.Database.Query.SimpleQueryBuilderTest" assertions="3" time="0.002042"/>
        <testcase name="testDelete" file="/home/dan/Desktop/07/dk/minimal-boot/tests/Unit/Core/Database/Query/SimpleQueryBuilderTest.php" line="120" class="MinimalTest\Unit\Core\Database\Query\SimpleQueryBuilderTest" classname="MinimalTest.Unit.Core.Database.Query.SimpleQueryBuilderTest" assertions="2" time="0.002013"/>
        <testcase name="testCount" file="/home/dan/Desktop/07/dk/minimal-boot/tests/Unit/Core/Database/Query/SimpleQueryBuilderTest.php" line="138" class="MinimalTest\Unit\Core\Database\Query\SimpleQueryBuilderTest" classname="MinimalTest.Unit.Core.Database.Query.SimpleQueryBuilderTest" assertions="1" time="0.001982"/>
        <testcase name="testOrderBy" file="/home/dan/Desktop/07/dk/minimal-boot/tests/Unit/Core/Database/Query/SimpleQueryBuilderTest.php" line="148" class="MinimalTest\Unit\Core\Database\Query\SimpleQueryBuilderTest" classname="MinimalTest.Unit.Core.Database.Query.SimpleQueryBuilderTest" assertions="3" time="0.001966"/>
        <testcase name="testLimit" file="/home/dan/Desktop/07/dk/minimal-boot/tests/Unit/Core/Database/Query/SimpleQueryBuilderTest.php" line="160" class="MinimalTest\Unit\Core\Database\Query\SimpleQueryBuilderTest" classname="MinimalTest.Unit.Core.Database.Query.SimpleQueryBuilderTest" assertions="1" time="0.002019"/>
        <testcase name="testOffset" file="/home/dan/Desktop/07/dk/minimal-boot/tests/Unit/Core/Database/Query/SimpleQueryBuilderTest.php" line="170" class="MinimalTest\Unit\Core\Database\Query\SimpleQueryBuilderTest" classname="MinimalTest.Unit.Core.Database.Query.SimpleQueryBuilderTest" assertions="2" time="0.002033"/>
        <testcase name="testSelectSpecificColumns" file="/home/dan/Desktop/07/dk/minimal-boot/tests/Unit/Core/Database/Query/SimpleQueryBuilderTest.php" line="183" class="MinimalTest\Unit\Core\Database\Query\SimpleQueryBuilderTest" classname="MinimalTest.Unit.Core.Database.Query.SimpleQueryBuilderTest" assertions="4" time="0.002075"/>
      </testsuite>
      <testsuite name="MinimalTest\Unit\Page\Domain\Entity\PageTest" file="/home/dan/Desktop/07/dk/minimal-boot/tests/Unit/Page/Domain/Entity/PageTest.php" tests="12" assertions="63" errors="0" failures="0" skipped="0" time="0.023960">
        <testcase name="testPageCanBeCreatedWithAllProperties" file="/home/dan/Desktop/07/dk/minimal-boot/tests/Unit/Page/Domain/Entity/PageTest.php" line="16" class="MinimalTest\Unit\Page\Domain\Entity\PageTest" classname="MinimalTest.Unit.Page.Domain.Entity.PageTest" assertions="10" time="0.002032"/>
        <testcase name="testPageCanBeCreatedWithMinimalProperties" file="/home/dan/Desktop/07/dk/minimal-boot/tests/Unit/Page/Domain/Entity/PageTest.php" line="54" class="MinimalTest\Unit\Page\Domain\Entity\PageTest" classname="MinimalTest.Unit.Page.Domain.Entity.PageTest" assertions="10" time="0.001945"/>
        <testcase name="testPageCanBeCreatedUsingFactoryMethod" file="/home/dan/Desktop/07/dk/minimal-boot/tests/Unit/Page/Domain/Entity/PageTest.php" line="80" class="MinimalTest\Unit\Page\Domain\Entity\PageTest" classname="MinimalTest.Unit.Page.Domain.Entity.PageTest" assertions="10" time="0.001936"/>
        <testcase name="testPageFactoryGeneratesUniqueIds" file="/home/dan/Desktop/07/dk/minimal-boot/tests/Unit/Page/Domain/Entity/PageTest.php" line="101" class="MinimalTest\Unit\Page\Domain\Entity\PageTest" classname="MinimalTest.Unit.Page.Domain.Entity.PageTest" assertions="3" time="0.002205"/>
        <testcase name="testPageWithEmptyMetaKeywords" file="/home/dan/Desktop/07/dk/minimal-boot/tests/Unit/Page/Domain/Entity/PageTest.php" line="111" class="MinimalTest\Unit\Page\Domain\Entity\PageTest" classname="MinimalTest.Unit.Page.Domain.Entity.PageTest" assertions="1" time="0.002730"/>
        <testcase name="testPageWithMultipleMetaKeywords" file="/home/dan/Desktop/07/dk/minimal-boot/tests/Unit/Page/Domain/Entity/PageTest.php" line="124" class="MinimalTest\Unit\Page\Domain\Entity\PageTest" classname="MinimalTest.Unit.Page.Domain.Entity.PageTest" assertions="2" time="0.001866"/>
        <testcase name="testUnpublishedPageDefaults" file="/home/dan/Desktop/07/dk/minimal-boot/tests/Unit/Page/Domain/Entity/PageTest.php" line="140" class="MinimalTest\Unit\Page\Domain\Entity\PageTest" classname="MinimalTest.Unit.Page.Domain.Entity.PageTest" assertions="2" time="0.001818"/>
        <testcase name="testPagePublishMethod" file="/home/dan/Desktop/07/dk/minimal-boot/tests/Unit/Page/Domain/Entity/PageTest.php" line="220" class="MinimalTest\Unit\Page\Domain\Entity\PageTest" classname="MinimalTest.Unit.Page.Domain.Entity.PageTest" assertions="7" time="0.001900"/>
        <testcase name="testPageWithPublishedAt" file="/home/dan/Desktop/07/dk/minimal-boot/tests/Unit/Page/Domain/Entity/PageTest.php" line="164" class="MinimalTest\Unit\Page\Domain\Entity\PageTest" classname="MinimalTest.Unit.Page.Domain.Entity.PageTest" assertions="2" time="0.001728"/>
        <testcase name="testPageWithCreatedAndUpdatedAt" file="/home/dan/Desktop/07/dk/minimal-boot/tests/Unit/Page/Domain/Entity/PageTest.php" line="181" class="MinimalTest\Unit\Page\Domain\Entity\PageTest" classname="MinimalTest.Unit.Page.Domain.Entity.PageTest" assertions="2" time="0.001706"/>
        <testcase name="testPageFactoryWithMetaDescription" file="/home/dan/Desktop/07/dk/minimal-boot/tests/Unit/Page/Domain/Entity/PageTest.php" line="199" class="MinimalTest\Unit\Page\Domain\Entity\PageTest" classname="MinimalTest.Unit.Page.Domain.Entity.PageTest" assertions="10" time="0.001945"/>
        <testcase name="testPageCreatedAtCurrentTime" file="/home/dan/Desktop/07/dk/minimal-boot/tests/Unit/Page/Domain/Entity/PageTest.php" line="154" class="MinimalTest\Unit\Page\Domain\Entity\PageTest" classname="MinimalTest.Unit.Page.Domain.Entity.PageTest" assertions="4" time="0.002150"/>
      </testsuite>
      <testsuite name="MinimalTest\Unit\Page\Domain\Service\PageServiceTest" file="/home/dan/Desktop/07/dk/minimal-boot/tests/Unit/Page/Domain/Service/PageServiceTest.php" tests="12" assertions="91" errors="0" failures="0" skipped="0" time="0.046219">
        <testcase name="testCreatePageWithMinimalDataCreatesPage" file="/home/dan/Desktop/07/dk/minimal-boot/tests/Unit/Page/Domain/Service/PageServiceTest.php" line="130" class="MinimalTest\Unit\Page\Domain\Service\PageServiceTest" classname="MinimalTest.Unit.Page.Domain.Service.PageServiceTest" assertions="10" time="0.004435"/>
        <testcase name="testCreatePageWithValidSlugFormats" file="/home/dan/Desktop/07/dk/minimal-boot/tests/Unit/Page/Domain/Service/PageServiceTest.php" line="212" class="MinimalTest\Unit\Page\Domain\Service\PageServiceTest" classname="MinimalTest.Unit.Page.Domain.Service.PageServiceTest" assertions="24" time="0.009751"/>
        <testcase name="testCreatePageWithValidDataCreatesPage" file="/home/dan/Desktop/07/dk/minimal-boot/tests/Unit/Page/Domain/Service/PageServiceTest.php" line="91" class="MinimalTest\Unit\Page\Domain\Service\PageServiceTest" classname="MinimalTest.Unit.Page.Domain.Service.PageServiceTest" assertions="10" time="0.002653"/>
        <testcase name="testCreatePageThrowsExceptionForInvalidSlugFormat" file="/home/dan/Desktop/07/dk/minimal-boot/tests/Unit/Page/Domain/Service/PageServiceTest.php" line="178" class="MinimalTest\Unit\Page\Domain\Service\PageServiceTest" classname="MinimalTest.Unit.Page.Domain.Service.PageServiceTest" assertions="18" time="0.010072"/>
        <testcase name="testCanCreatePageService" file="/home/dan/Desktop/07/dk/minimal-boot/tests/Unit/Page/Domain/Service/PageServiceTest.php" line="31" class="MinimalTest\Unit\Page\Domain\Service\PageServiceTest" classname="MinimalTest.Unit.Page.Domain.Service.PageServiceTest" assertions="1" time="0.002035"/>
        <testcase name="testGetPageBySlugReturnsPageWhenFound" file="/home/dan/Desktop/07/dk/minimal-boot/tests/Unit/Page/Domain/Service/PageServiceTest.php" line="36" class="MinimalTest\Unit\Page\Domain\Service\PageServiceTest" classname="MinimalTest.Unit.Page.Domain.Service.PageServiceTest" assertions="3" time="0.002292"/>
        <testcase name="testGetPageBySlugReturnsNullWhenNotFound" file="/home/dan/Desktop/07/dk/minimal-boot/tests/Unit/Page/Domain/Service/PageServiceTest.php" line="58" class="MinimalTest\Unit\Page\Domain\Service\PageServiceTest" classname="MinimalTest.Unit.Page.Domain.Service.PageServiceTest" assertions="3" time="0.002295"/>
        <testcase name="testGetPublishedPagesReturnsAllPublishedPages" file="/home/dan/Desktop/07/dk/minimal-boot/tests/Unit/Page/Domain/Service/PageServiceTest.php" line="73" class="MinimalTest\Unit\Page\Domain\Service\PageServiceTest" classname="MinimalTest.Unit.Page.Domain.Service.PageServiceTest" assertions="3" time="0.002311"/>
        <testcase name="testCreatePageThrowsExceptionWhenSlugExists" file="/home/dan/Desktop/07/dk/minimal-boot/tests/Unit/Page/Domain/Service/PageServiceTest.php" line="158" class="MinimalTest\Unit\Page\Domain\Service\PageServiceTest" classname="MinimalTest.Unit.Page.Domain.Service.PageServiceTest" assertions="4" time="0.002805"/>
        <testcase name="testPublishPageReturnsPublishedPageWhenFound" file="/home/dan/Desktop/07/dk/minimal-boot/tests/Unit/Page/Domain/Service/PageServiceTest.php" line="243" class="MinimalTest\Unit\Page\Domain\Service\PageServiceTest" classname="MinimalTest.Unit.Page.Domain.Service.PageServiceTest" assertions="7" time="0.002660"/>
        <testcase name="testPublishPageReturnsNullWhenPageNotFound" file="/home/dan/Desktop/07/dk/minimal-boot/tests/Unit/Page/Domain/Service/PageServiceTest.php" line="279" class="MinimalTest\Unit\Page\Domain\Service\PageServiceTest" classname="MinimalTest.Unit.Page.Domain.Service.PageServiceTest" assertions="3" time="0.002363"/>
        <testcase name="testPublishPageWorksWithAlreadyPublishedPage" file="/home/dan/Desktop/07/dk/minimal-boot/tests/Unit/Page/Domain/Service/PageServiceTest.php" line="298" class="MinimalTest\Unit\Page\Domain\Service\PageServiceTest" classname="MinimalTest.Unit.Page.Domain.Service.PageServiceTest" assertions="5" time="0.002549"/>
      </testsuite>
      <testsuite name="MinimalTest\Unit\Page\Handler\GetPageViewHandlerTest" file="/home/dan/Desktop/07/dk/minimal-boot/tests/Unit/Page/Handler/GetPageViewHandlerTest.php" tests="6" assertions="40" errors="0" failures="0" skipped="0" time="0.026608">
        <testcase name="testCanCreateHandler" file="/home/dan/Desktop/07/dk/minimal-boot/tests/Unit/Page/Handler/GetPageViewHandlerTest.php" line="36" class="MinimalTest\Unit\Page\Handler\GetPageViewHandlerTest" classname="MinimalTest.Unit.Page.Handler.GetPageViewHandlerTest" assertions="1" time="0.004749"/>
        <testcase name="testHandleReturnsPageWhenFound" file="/home/dan/Desktop/07/dk/minimal-boot/tests/Unit/Page/Handler/GetPageViewHandlerTest.php" line="41" class="MinimalTest\Unit\Page\Handler\GetPageViewHandlerTest" classname="MinimalTest.Unit.Page.Handler.GetPageViewHandlerTest" assertions="9" time="0.007810"/>
        <testcase name="testHandleWithPageWithMetaKeywords" file="/home/dan/Desktop/07/dk/minimal-boot/tests/Unit/Page/Handler/GetPageViewHandlerTest.php" line="119" class="MinimalTest\Unit\Page\Handler\GetPageViewHandlerTest" classname="MinimalTest.Unit.Page.Handler.GetPageViewHandlerTest" assertions="7" time="0.003445"/>
        <testcase name="testHandleWithEmptySlug" file="/home/dan/Desktop/07/dk/minimal-boot/tests/Unit/Page/Handler/GetPageViewHandlerTest.php" line="164" class="MinimalTest\Unit\Page\Handler\GetPageViewHandlerTest" classname="MinimalTest.Unit.Page.Handler.GetPageViewHandlerTest" assertions="7" time="0.003480"/>
        <testcase name="testHandleWithMissingSlugAttribute" file="/home/dan/Desktop/07/dk/minimal-boot/tests/Unit/Page/Handler/GetPageViewHandlerTest.php" line="192" class="MinimalTest\Unit\Page\Handler\GetPageViewHandlerTest" classname="MinimalTest.Unit.Page.Handler.GetPageViewHandlerTest" assertions="7" time="0.003531"/>
        <testcase name="testHandleReturns404WhenPageNotFound" file="/home/dan/Desktop/07/dk/minimal-boot/tests/Unit/Page/Handler/GetPageViewHandlerTest.php" line="87" class="MinimalTest\Unit\Page\Handler\GetPageViewHandlerTest" classname="MinimalTest.Unit.Page.Handler.GetPageViewHandlerTest" assertions="9" time="0.003592"/>
      </testsuite>
      <testsuite name="MinimalTest\Unit\User\Domain\Service\UserServiceTest" file="/home/dan/Desktop/07/dk/minimal-boot/tests/Unit/User/Domain/Service/UserServiceTest.php" tests="8" assertions="38" errors="0" failures="0" skipped="0" time="1.032502">
        <testcase name="testCreateUserWithShortPassword" file="/home/dan/Desktop/07/dk/minimal-boot/tests/Unit/User/Domain/Service/UserServiceTest.php" line="88" class="MinimalTest\Unit\User\Domain\Service\UserServiceTest" classname="MinimalTest.Unit.User.Domain.Service.UserServiceTest" assertions="2" time="0.006375"/>
        <testcase name="testCreateUserWithInvalidEmail" file="/home/dan/Desktop/07/dk/minimal-boot/tests/Unit/User/Domain/Service/UserServiceTest.php" line="74" class="MinimalTest\Unit\User\Domain\Service\UserServiceTest" classname="MinimalTest.Unit.User.Domain.Service.UserServiceTest" assertions="2" time="0.002325"/>
        <testcase name="testCreateUserWithExistingEmail" file="/home/dan/Desktop/07/dk/minimal-boot/tests/Unit/User/Domain/Service/UserServiceTest.php" line="102" class="MinimalTest\Unit\User\Domain\Service\UserServiceTest" classname="MinimalTest.Unit.User.Domain.Service.UserServiceTest" assertions="4" time="0.002997"/>
        <testcase name="testCreateUserWithExistingUsername" file="/home/dan/Desktop/07/dk/minimal-boot/tests/Unit/User/Domain/Service/UserServiceTest.php" line="124" class="MinimalTest\Unit\User\Domain\Service\UserServiceTest" classname="MinimalTest.Unit.User.Domain.Service.UserServiceTest" assertions="5" time="0.003217"/>
        <testcase name="testAuthenticateWithNonExistentUser" file="/home/dan/Desktop/07/dk/minimal-boot/tests/Unit/User/Domain/Service/UserServiceTest.php" line="219" class="MinimalTest\Unit\User\Domain\Service\UserServiceTest" classname="MinimalTest.Unit.User.Domain.Service.UserServiceTest" assertions="4" time="0.003016"/>
        <testcase name="testAuthenticateSuccess" file="/home/dan/Desktop/07/dk/minimal-boot/tests/Unit/User/Domain/Service/UserServiceTest.php" line="153" class="MinimalTest\Unit\User\Domain\Service\UserServiceTest" classname="MinimalTest.Unit.User.Domain.Service.UserServiceTest" assertions="6" time="0.339777"/>
        <testcase name="testCreateUserSuccess" file="/home/dan/Desktop/07/dk/minimal-boot/tests/Unit/User/Domain/Service/UserServiceTest.php" line="29" class="MinimalTest\Unit\User\Domain\Service\UserServiceTest" classname="MinimalTest.Unit.User.Domain.Service.UserServiceTest" assertions="12" time="0.338112"/>
        <testcase name="testAuthenticateWithWrongPassword" file="/home/dan/Desktop/07/dk/minimal-boot/tests/Unit/User/Domain/Service/UserServiceTest.php" line="190" class="MinimalTest\Unit\User\Domain\Service\UserServiceTest" classname="MinimalTest.Unit.User.Domain.Service.UserServiceTest" assertions="3" time="0.336682"/>
      </testsuite>
      <testsuite name="MinimalTest\Unit\Page\Handler\CompleteGetPageViewHandlerTest" file="/home/dan/Desktop/07/dk/minimal-boot/tests/Unit/Page/Handler/CompleteGetPageViewHandlerTest.php" tests="9" assertions="63" errors="0" failures="0" skipped="0" time="0.032070">
        <testcase name="testHandleReturns404WhenPageNotFound" file="/home/dan/Desktop/07/dk/minimal-boot/tests/Unit/Page/Handler/CompleteGetPageViewHandlerTest.php" line="88" class="MinimalTest\Unit\Page\Handler\CompleteGetPageViewHandlerTest" classname="MinimalTest.Unit.Page.Handler.CompleteGetPageViewHandlerTest" assertions="9" time="0.004005"/>
        <testcase name="testHandleReturns404WhenPageFoundButNotPublished" file="/home/dan/Desktop/07/dk/minimal-boot/tests/Unit/Page/Handler/CompleteGetPageViewHandlerTest.php" line="120" class="MinimalTest\Unit\Page\Handler\CompleteGetPageViewHandlerTest" classname="MinimalTest.Unit.Page.Handler.CompleteGetPageViewHandlerTest" assertions="8" time="0.003555"/>
        <testcase name="testHandleWithPageWithEmptyMetaKeywords" file="/home/dan/Desktop/07/dk/minimal-boot/tests/Unit/Page/Handler/CompleteGetPageViewHandlerTest.php" line="158" class="MinimalTest\Unit\Page\Handler\CompleteGetPageViewHandlerTest" classname="MinimalTest.Unit.Page.Handler.CompleteGetPageViewHandlerTest" assertions="7" time="0.003732"/>
        <testcase name="testHandleWithMissingSlugInRouteParams" file="/home/dan/Desktop/07/dk/minimal-boot/tests/Unit/Page/Handler/CompleteGetPageViewHandlerTest.php" line="231" class="MinimalTest\Unit\Page\Handler\CompleteGetPageViewHandlerTest" classname="MinimalTest.Unit.Page.Handler.CompleteGetPageViewHandlerTest" assertions="7" time="0.003427"/>
        <testcase name="testHandleReturnsPageWhenFoundAndPublished" file="/home/dan/Desktop/07/dk/minimal-boot/tests/Unit/Page/Handler/CompleteGetPageViewHandlerTest.php" line="41" class="MinimalTest\Unit\Page\Handler\CompleteGetPageViewHandlerTest" classname="MinimalTest.Unit.Page.Handler.CompleteGetPageViewHandlerTest" assertions="9" time="0.004105"/>
        <testcase name="testHandleWithEmptySlug" file="/home/dan/Desktop/07/dk/minimal-boot/tests/Unit/Page/Handler/CompleteGetPageViewHandlerTest.php" line="203" class="MinimalTest\Unit\Page\Handler\CompleteGetPageViewHandlerTest" classname="MinimalTest.Unit.Page.Handler.CompleteGetPageViewHandlerTest" assertions="7" time="0.003439"/>
        <testcase name="testHandleWithNullSlugInRouteParams" file="/home/dan/Desktop/07/dk/minimal-boot/tests/Unit/Page/Handler/CompleteGetPageViewHandlerTest.php" line="309" class="MinimalTest\Unit\Page\Handler\CompleteGetPageViewHandlerTest" classname="MinimalTest.Unit.Page.Handler.CompleteGetPageViewHandlerTest" assertions="7" time="0.003425"/>
        <testcase name="testHandleWithComplexPageContent" file="/home/dan/Desktop/07/dk/minimal-boot/tests/Unit/Page/Handler/CompleteGetPageViewHandlerTest.php" line="259" class="MinimalTest\Unit\Page\Handler\CompleteGetPageViewHandlerTest" classname="MinimalTest.Unit.Page.Handler.CompleteGetPageViewHandlerTest" assertions="8" time="0.004078"/>
        <testcase name="testCanCreateHandler" file="/home/dan/Desktop/07/dk/minimal-boot/tests/Unit/Page/Handler/CompleteGetPageViewHandlerTest.php" line="36" class="MinimalTest\Unit\Page\Handler\CompleteGetPageViewHandlerTest" classname="MinimalTest.Unit.Page.Handler.CompleteGetPageViewHandlerTest" assertions="1" time="0.002303"/>
      </testsuite>
      <testsuite name="MinimalTest\Unit\SimpleTest" file="/home/dan/Desktop/07/dk/minimal-boot/tests/Unit/SimpleTest.php" tests="3" assertions="3" errors="0" failures="0" skipped="0" time="0.002585">
        <testcase name="testTrueIsTrue" file="/home/dan/Desktop/07/dk/minimal-boot/tests/Unit/SimpleTest.php" line="14" class="MinimalTest\Unit\SimpleTest" classname="MinimalTest.Unit.SimpleTest" assertions="1" time="0.000942"/>
        <testcase name="testStringConcatenation" file="/home/dan/Desktop/07/dk/minimal-boot/tests/Unit/SimpleTest.php" line="19" class="MinimalTest\Unit\SimpleTest" classname="MinimalTest.Unit.SimpleTest" assertions="1" time="0.000831"/>
        <testcase name="testArrayCount" file="/home/dan/Desktop/07/dk/minimal-boot/tests/Unit/SimpleTest.php" line="25" class="MinimalTest\Unit\SimpleTest" classname="MinimalTest.Unit.SimpleTest" assertions="1" time="0.000812"/>
      </testsuite>
    </testsuite>
    <testsuite name="Integration" tests="13" assertions="30" errors="0" failures="0" skipped="0" time="0.030111">
      <testsuite name="MinimalTest\Integration\Page\Infrastructure\Repository\PdoPageRepositoryTest" file="/home/dan/Desktop/07/dk/minimal-boot/tests/Integration/Page/Infrastructure/Repository/PdoPageRepositoryTest.php" tests="13" assertions="30" errors="0" failures="0" skipped="0" time="0.030111">
        <testcase name="testCanSaveAndFindPageById" file="/home/dan/Desktop/07/dk/minimal-boot/tests/Integration/Page/Infrastructure/Repository/PdoPageRepositoryTest.php" line="65" class="MinimalTest\Integration\Page\Infrastructure\Repository\PdoPageRepositoryTest" classname="MinimalTest.Integration.Page.Infrastructure.Repository.PdoPageRepositoryTest" assertions="5" time="0.002708"/>
        <testcase name="testCanFindPageBySlug" file="/home/dan/Desktop/07/dk/minimal-boot/tests/Integration/Page/Infrastructure/Repository/PdoPageRepositoryTest.php" line="80" class="MinimalTest\Integration\Page\Infrastructure\Repository\PdoPageRepositoryTest" classname="MinimalTest.Integration.Page.Infrastructure.Repository.PdoPageRepositoryTest" assertions="3" time="0.002204"/>
        <testcase name="testCannotFindUnpublishedPageBySlug" file="/home/dan/Desktop/07/dk/minimal-boot/tests/Integration/Page/Infrastructure/Repository/PdoPageRepositoryTest.php" line="100" class="MinimalTest\Integration\Page\Infrastructure\Repository\PdoPageRepositoryTest" classname="MinimalTest.Integration.Page.Infrastructure.Repository.PdoPageRepositoryTest" assertions="1" time="0.002123"/>
        <testcase name="testCanUpdateExistingPage" file="/home/dan/Desktop/07/dk/minimal-boot/tests/Integration/Page/Infrastructure/Repository/PdoPageRepositoryTest.php" line="163" class="MinimalTest\Integration\Page\Infrastructure\Repository\PdoPageRepositoryTest" classname="MinimalTest.Integration.Page.Infrastructure.Repository.PdoPageRepositoryTest" assertions="5" time="0.002335"/>
        <testcase name="testCanDeletePageById" file="/home/dan/Desktop/07/dk/minimal-boot/tests/Integration/Page/Infrastructure/Repository/PdoPageRepositoryTest.php" line="191" class="MinimalTest\Integration\Page\Infrastructure\Repository\PdoPageRepositoryTest" classname="MinimalTest.Integration.Page.Infrastructure.Repository.PdoPageRepositoryTest" assertions="2" time="0.002284"/>
        <testcase name="testExistsReturnsTrueForExistingPage" file="/home/dan/Desktop/07/dk/minimal-boot/tests/Integration/Page/Infrastructure/Repository/PdoPageRepositoryTest.php" line="229" class="MinimalTest\Integration\Page\Infrastructure\Repository\PdoPageRepositoryTest" classname="MinimalTest.Integration.Page.Infrastructure.Repository.PdoPageRepositoryTest" assertions="1" time="0.002147"/>
        <testcase name="testExistsReturnsFalseForNonExistingPage" file="/home/dan/Desktop/07/dk/minimal-boot/tests/Integration/Page/Infrastructure/Repository/PdoPageRepositoryTest.php" line="237" class="MinimalTest\Integration\Page\Infrastructure\Repository\PdoPageRepositoryTest" classname="MinimalTest.Integration.Page.Infrastructure.Repository.PdoPageRepositoryTest" assertions="1" time="0.002052"/>
        <testcase name="testExistsBySlugReturnsTrueForExistingSlug" file="/home/dan/Desktop/07/dk/minimal-boot/tests/Integration/Page/Infrastructure/Repository/PdoPageRepositoryTest.php" line="242" class="MinimalTest\Integration\Page\Infrastructure\Repository\PdoPageRepositoryTest" classname="MinimalTest.Integration.Page.Infrastructure.Repository.PdoPageRepositoryTest" assertions="1" time="0.002134"/>
        <testcase name="testExistsBySlugReturnsFalseForNonExistingSlug" file="/home/dan/Desktop/07/dk/minimal-boot/tests/Integration/Page/Infrastructure/Repository/PdoPageRepositoryTest.php" line="258" class="MinimalTest\Integration\Page\Infrastructure\Repository\PdoPageRepositoryTest" classname="MinimalTest.Integration.Page.Infrastructure.Repository.PdoPageRepositoryTest" assertions="1" time="0.002043"/>
        <testcase name="testCanHandlePageWithComplexContent" file="/home/dan/Desktop/07/dk/minimal-boot/tests/Integration/Page/Infrastructure/Repository/PdoPageRepositoryTest.php" line="283" class="MinimalTest\Integration\Page\Infrastructure\Repository\PdoPageRepositoryTest" classname="MinimalTest.Integration.Page.Infrastructure.Repository.PdoPageRepositoryTest" assertions="3" time="0.002307"/>
        <testcase name="testCanDeletePageBySlug" file="/home/dan/Desktop/07/dk/minimal-boot/tests/Integration/Page/Infrastructure/Repository/PdoPageRepositoryTest.php" line="206" class="MinimalTest\Integration\Page\Infrastructure\Repository\PdoPageRepositoryTest" classname="MinimalTest.Integration.Page.Infrastructure.Repository.PdoPageRepositoryTest" assertions="2" time="0.002201"/>
        <testcase name="testFindAllPublishedIsSameAsFindPublished" file="/home/dan/Desktop/07/dk/minimal-boot/tests/Integration/Page/Infrastructure/Repository/PdoPageRepositoryTest.php" line="263" class="MinimalTest\Integration\Page\Infrastructure\Repository\PdoPageRepositoryTest" classname="MinimalTest.Integration.Page.Infrastructure.Repository.PdoPageRepositoryTest" assertions="1" time="0.003072"/>
        <testcase name="testCanFindAllPublishedPages" file="/home/dan/Desktop/07/dk/minimal-boot/tests/Integration/Page/Infrastructure/Repository/PdoPageRepositoryTest.php" line="118" class="MinimalTest\Integration\Page\Infrastructure\Repository\PdoPageRepositoryTest" classname="MinimalTest.Integration.Page.Infrastructure.Repository.PdoPageRepositoryTest" assertions="4" time="0.002501"/>
      </testsuite>
    </testsuite>
  </testsuite>
</testsuites>
